This is pdfTeX, Version 3.1415926-1.40.10 (TeX Live 2009/Debian) (format=pdflatex 2012.10.26)  21 SEP 2014 15:47
entering extended mode
 %&-line parsing enabled.
**Tutorial_01.tex
(./Tutorial_01.tex
LaTeX2e <2009/09/24>
Babel <v3.8l> and hyphenation patterns for english, usenglishmax, dumylang, noh
yphenation, loaded.
(/usr/share/texmf-texlive/tex/latex/base/article.cls
Document Class: article 2007/10/19 v1.4h Standard LaTeX document class
(/usr/share/texmf-texlive/tex/latex/base/size10.clo
File: size10.clo 2007/10/19 v1.4h Standard LaTeX file (size option)
)
\c@part=\count79
\c@section=\count80
\c@subsection=\count81
\c@subsubsection=\count82
\c@paragraph=\count83
\c@subparagraph=\count84
\c@figure=\count85
\c@table=\count86
\abovecaptionskip=\skip41
\belowcaptionskip=\skip42
\bibindent=\dimen102
)
(/usr/share/texmf-texlive/tex/latex/graphics/graphicx.sty
Package: graphicx 1999/02/16 v1.0f Enhanced LaTeX Graphics (DPC,SPQR)

(/usr/share/texmf-texlive/tex/latex/graphics/keyval.sty
Package: keyval 1999/03/16 v1.13 key=value parser (DPC)
\KV@toks@=\toks14
)
(/usr/share/texmf-texlive/tex/latex/graphics/graphics.sty
Package: graphics 2009/02/05 v1.0o Standard LaTeX Graphics (DPC,SPQR)

(/usr/share/texmf-texlive/tex/latex/graphics/trig.sty
Package: trig 1999/03/16 v1.09 sin cos tan (DPC)
)
(/etc/texmf/tex/latex/config/graphics.cfg
File: graphics.cfg 2009/08/28 v1.8 graphics configuration of TeX Live
)
Package graphics Info: Driver file: pdftex.def on input line 91.

(/usr/share/texmf-texlive/tex/latex/pdftex-def/pdftex.def
File: pdftex.def 2010/03/12 v0.04p Graphics/color for pdfTeX
\Gread@gobject=\count87
))
\Gin@req@height=\dimen103
\Gin@req@width=\dimen104
)
(/usr/share/texmf-texlive/tex/latex/wrapfig/wrapfig.sty
\wrapoverhang=\dimen105
\WF@size=\dimen106
\c@WF@wrappedlines=\count88
\WF@box=\box26
\WF@everypar=\toks15
Package: wrapfig 2003/01/31  v 3.6
)
(/usr/share/texmf-texlive/tex/latex/pdfpages/pdfpages.sty
Package: pdfpages 2009/02/07 v0.4g Insert pages of external PDF documents (AM)

(/usr/share/texmf-texlive/tex/latex/base/ifthen.sty
Package: ifthen 2001/05/26 v1.1c Standard LaTeX ifthen package (DPC)
)
(/usr/share/texmf-texlive/tex/latex/tools/calc.sty
Package: calc 2007/08/22 v4.3 Infix arithmetic (KKT,FJ)
\calc@Acount=\count89
\calc@Bcount=\count90
\calc@Adimen=\dimen107
\calc@Bdimen=\dimen108
\calc@Askip=\skip43
\calc@Bskip=\skip44
LaTeX Info: Redefining \setlength on input line 76.
LaTeX Info: Redefining \addtolength on input line 77.
\calc@Ccount=\count91
\calc@Cskip=\skip45
)
(/usr/share/texmf-texlive/tex/latex/eso-pic/eso-pic.sty
Package: eso-pic 2006/07/14 v1.1d eso-pic (RN)

(/usr/share/texmf-texlive/tex/latex/ms/everyshi.sty
Package: everyshi 2001/05/15 v3.00 EveryShipout Package (MS)
))
(/usr/share/texmf-texlive/tex/latex/pdfpages/pppdftex.def
File: pppdftex.def 2009/02/07 v0.4g Pdfpages driver for pdfTeX (AM)
)
\AM@pagebox=\box27
\AM@toc@title=\toks16
\c@AM@survey=\count92
\AM@templatesizebox=\box28
)
(/usr/share/texmf-texlive/tex/latex/tools/enumerate.sty
Package: enumerate 1999/03/05 v3.00 enumerate extensions (DPC)
\@enLab=\toks17
)
(/usr/share/texmf-texlive/tex/latex/enumitem/enumitem.sty
Package: enumitem 2009/05/18 v2.2 Customized lists
\enit@toks=\toks18
\labelindent=\skip46
\enit@outerparindent=\dimen109
\enitdp@desc=\count93
)
(/usr/share/texmf-texlive/tex/latex/tools/bm.sty
Package: bm 2004/02/26 v1.1c Bold Symbol Support (DPC/FMi)
\symboldoperators=\mathgroup4
\symboldletters=\mathgroup5
\symboldsymbols=\mathgroup6
LaTeX Font Info:    Redeclaring math alphabet \mathbf on input line 138.
LaTeX Info: Redefining \bm on input line 204.
)
(/usr/share/texmf-texlive/tex/latex/dpfloat/dpfloat.sty
Package: dpfloat 2006/10/05
\@@wholepage=\box29
)
(/usr/share/texmf-texlive/tex/latex/hyperref/hyperref.sty
Package: hyperref 2009/10/09 v6.79a Hypertext links for LaTeX

(/usr/share/texmf-texlive/tex/generic/oberdiek/ifpdf.sty
Package: ifpdf 2009/04/10 v2.0 Provides the ifpdf switch (HO)
Package ifpdf Info: pdfTeX in pdf mode detected.
)
(/usr/share/texmf-texlive/tex/generic/oberdiek/ifvtex.sty
Package: ifvtex 2008/11/04 v1.4 Switches for detecting VTeX and its modes (HO)
Package ifvtex Info: VTeX not detected.
)
(/usr/share/texmf-texlive/tex/generic/ifxetex/ifxetex.sty
Package: ifxetex 2009/01/23 v0.5 Provides ifxetex conditional
)
(/usr/share/texmf-texlive/tex/latex/oberdiek/hycolor.sty
Package: hycolor 2009/10/02 v1.5 Code for color options of hyperref/bookmark (H
O)

(/usr/share/texmf-texlive/tex/latex/oberdiek/xcolor-patch.sty
Package: xcolor-patch 2009/10/02 xcolor patch
))
\@linkdim=\dimen110
\Hy@linkcounter=\count94
\Hy@pagecounter=\count95

(/usr/share/texmf-texlive/tex/latex/hyperref/pd1enc.def
File: pd1enc.def 2009/10/09 v6.79a Hyperref: PDFDocEncoding definition (HO)
)
(/usr/share/texmf-texlive/tex/generic/oberdiek/etexcmds.sty
Package: etexcmds 2007/12/12 v1.2 Prefix for e-TeX command names (HO)

(/usr/share/texmf-texlive/tex/generic/oberdiek/infwarerr.sty
Package: infwarerr 2007/09/09 v1.2 Providing info/warning/message (HO)
)
Package etexcmds Info: Could not find \expanded.
(etexcmds)             That can mean that you are not using pdfTeX 1.50 or
(etexcmds)             that some package has redefined \expanded.
(etexcmds)             In the latter case, load this package earlier.
)
(/usr/share/texmf-texlive/tex/latex/latexconfig/hyperref.cfg
File: hyperref.cfg 2002/06/06 v1.2 hyperref configuration of TeXLive
)
(/usr/share/texmf-texlive/tex/latex/oberdiek/kvoptions.sty
Package: kvoptions 2009/08/13 v3.4 Keyval support for LaTeX options (HO)

(/usr/share/texmf-texlive/tex/generic/oberdiek/kvsetkeys.sty
Package: kvsetkeys 2009/07/30 v1.5 Key value parser with default handler suppor
t (HO)
))
Package hyperref Info: Option `bookmarks' set `true' on input line 2864.
Package hyperref Info: Option `colorlinks' set `true' on input line 2864.
Package hyperref Info: Hyper figures OFF on input line 2975.
Package hyperref Info: Link nesting OFF on input line 2980.
Package hyperref Info: Hyper index ON on input line 2983.
Package hyperref Info: Plain pages OFF on input line 2990.
Package hyperref Info: Backreferencing OFF on input line 2995.

Implicit mode ON; LaTeX internals redefined
Package hyperref Info: Bookmarks ON on input line 3191.
(/usr/share/texmf-texlive/tex/latex/ltxmisc/url.sty
\Urlmuskip=\muskip10
Package: url 2006/04/12  ver 3.3  Verb mode for urls, etc.
)
LaTeX Info: Redefining \url on input line 3428.

(/usr/share/texmf-texlive/tex/generic/oberdiek/bitset.sty
Package: bitset 2007/09/28 v1.0 Data type bit set (HO)

(/usr/share/texmf-texlive/tex/generic/oberdiek/intcalc.sty
Package: intcalc 2007/09/27 v1.1 Expandable integer calculations (HO)
)
(/usr/share/texmf-texlive/tex/generic/oberdiek/bigintcalc.sty
Package: bigintcalc 2007/11/11 v1.1 Expandable big integer calculations (HO)

(/usr/share/texmf-texlive/tex/generic/oberdiek/pdftexcmds.sty
Package: pdftexcmds 2009/09/23 v0.6 LuaTeX support for pdfTeX utility functions
 (HO)

(/usr/share/texmf-texlive/tex/generic/oberdiek/ifluatex.sty
Package: ifluatex 2009/04/17 v1.2 Provides the ifluatex switch (HO)
Package ifluatex Info: LuaTeX not detected.
)
(/usr/share/texmf-texlive/tex/generic/oberdiek/ltxcmds.sty
Package: ltxcmds 2009/08/05 v1.0 Some LaTeX kernel commands for general use (HO
)
)
Package pdftexcmds Info: LuaTeX not detected.
Package pdftexcmds Info: \pdf@primitive is available.
Package pdftexcmds Info: \pdf@ifprimitive is available.
)))
\Fld@menulength=\count96
\Field@Width=\dimen111
\Fld@charsize=\dimen112
\Field@toks=\toks19
Package hyperref Info: Hyper figures OFF on input line 4377.
Package hyperref Info: Link nesting OFF on input line 4382.
Package hyperref Info: Hyper index ON on input line 4385.
Package hyperref Info: backreferencing OFF on input line 4392.
Package hyperref Info: Link coloring ON on input line 4395.
Package hyperref Info: Link coloring with OCG OFF on input line 4402.
Package hyperref Info: PDF/A mode OFF on input line 4407.

(/usr/share/texmf-texlive/tex/generic/oberdiek/atbegshi.sty
Package: atbegshi 2008/07/31 v1.9 At begin shipout hook (HO)
)
\Hy@abspage=\count97
\c@Item=\count98
\c@Hfootnote=\count99
)
*hyperref using driver hpdftex*
(/usr/share/texmf-texlive/tex/latex/hyperref/hpdftex.def
File: hpdftex.def 2009/10/09 v6.79a Hyperref driver for pdfTeX
\Fld@listcount=\count100
)
(/usr/share/texmf-texlive/tex/latex/amsfonts/amsfonts.sty
Package: amsfonts 2009/06/22 v3.00 Basic AMSFonts support
\@emptytoks=\toks20
\symAMSa=\mathgroup7
\symAMSb=\mathgroup8
LaTeX Font Info:    Overwriting math alphabet `\mathfrak' in version `bold'
(Font)                  U/euf/m/n --> U/euf/b/n on input line 96.
)
(/usr/share/texmf-texlive/tex/latex/amsmath/amsmath.sty
Package: amsmath 2000/07/18 v2.13 AMS math features
\@mathmargin=\skip47

For additional information on amsmath, use the `?' option.
(/usr/share/texmf-texlive/tex/latex/amsmath/amstext.sty
Package: amstext 2000/06/29 v2.01

(/usr/share/texmf-texlive/tex/latex/amsmath/amsgen.sty
File: amsgen.sty 1999/11/30 v2.0
\@emptytoks=\toks21
\ex@=\dimen113
))
(/usr/share/texmf-texlive/tex/latex/amsmath/amsbsy.sty
Package: amsbsy 1999/11/29 v1.2d
LaTeX Info: Redefining \boldsymbol on input line 54.
\pmbraise@=\dimen114
)
(/usr/share/texmf-texlive/tex/latex/amsmath/amsopn.sty
Package: amsopn 1999/12/14 v2.01 operator names
)
\inf@bad=\count101
LaTeX Info: Redefining \frac on input line 211.
\uproot@=\count102
\leftroot@=\count103
LaTeX Info: Redefining \overline on input line 307.
\classnum@=\count104
\DOTSCASE@=\count105
LaTeX Info: Redefining \ldots on input line 379.
LaTeX Info: Redefining \dots on input line 382.
LaTeX Info: Redefining \cdots on input line 467.
\Mathstrutbox@=\box30
\strutbox@=\box31
\big@size=\dimen115
LaTeX Font Info:    Redeclaring font encoding OML on input line 567.
LaTeX Font Info:    Redeclaring font encoding OMS on input line 568.
\macc@depth=\count106
\c@MaxMatrixCols=\count107
\dotsspace@=\muskip11
\c@parentequation=\count108
\dspbrk@lvl=\count109
\tag@help=\toks22
\row@=\count110
\column@=\count111
\maxfields@=\count112
\andhelp@=\toks23
\eqnshift@=\dimen116
\alignsep@=\dimen117
\tagshift@=\dimen118
\tagwidth@=\dimen119
\totwidth@=\dimen120
\lineht@=\dimen121
\@envbody=\toks24
\multlinegap=\skip48
\multlinetaggap=\skip49
\mathdisplay@stack=\toks25
LaTeX Info: Redefining \[ on input line 2666.
LaTeX Info: Redefining \] on input line 2667.
)
(/usr/share/texmf-texlive/tex/latex/amsfonts/amssymb.sty
Package: amssymb 2009/06/22 v3.00
)
(/usr/share/texmf-texlive/tex/latex/stmaryrd/stmaryrd.sty
Package: stmaryrd 1994/03/03 St Mary's Road symbol package
\symstmry=\mathgroup9
LaTeX Font Info:    Overwriting symbol font `stmry' in version `bold'
(Font)                  U/stmry/m/n --> U/stmry/b/n on input line 89.
)
(/usr/share/texmf-texlive/tex/latex/tools/indentfirst.sty
Package: indentfirst 1995/11/23 v1.03 Indent first paragraph (DPC)
)
(/usr/share/texmf-texlive/tex/latex/psnfss/times.sty
Package: times 2005/04/12 PSNFSS-v9.2a (SPQR) 
)
(/usr/share/texmf-texlive/tex/latex/psfrag/psfrag.sty
Package: psfrag 1998/04/11 v3.04 PSfrag (MCG)
\pfg@pcount=\count113
\pfg@scount=\count114
\pfg@temp=\write3
)
(/usr/share/texmf-texlive/tex/latex/natbib/natbib.sty
Package: natbib 2009/07/16 8.31 (PWD, AO)
\bibhang=\skip50
\bibsep=\skip51
LaTeX Info: Redefining \cite on input line 694.
\c@NAT@ctr=\count115
)
(/usr/share/texmf-texlive/tex/latex/graphics/color.sty
Package: color 2005/11/14 v1.0j Standard LaTeX Color (DPC)

(/etc/texmf/tex/latex/config/color.cfg
File: color.cfg 2007/01/18 v1.5 color configuration of teTeX/TeXLive
)
Package color Info: Driver file: pdftex.def on input line 130.
)
(/usr/share/texmf-texlive/tex/latex/units/units.sty
Package: units 1998/08/04 v0.9b Typesetting units

(/usr/share/texmf-texlive/tex/latex/units/nicefrac.sty
Package: nicefrac 1998/08/04 v0.9b Nice fractions
\L@UnitsRaiseDisplaystyle=\skip52
\L@UnitsRaiseTextstyle=\skip53
\L@UnitsRaiseScriptstyle=\skip54
))
(/usr/share/texmf-texlive/tex/latex/rotating/rotating.sty
Package: rotating 2009/03/28 v2.16a rotated objects in LaTeX
\c@r@tfl@t=\count116
\rotFPtop=\skip55
\rotFPbot=\skip56
\rot@float@box=\box32
\rot@mess@toks=\toks26
)
(/usr/share/texmf-texlive/tex/latex/multirow/multirow.sty
\bigstrutjot=\dimen122
)
(/usr/share/texmf-texlive/tex/latex/psnfss/pifont.sty
Package: pifont 2005/04/12 PSNFSS-v9.2a Pi font support (SPQR) 
LaTeX Font Info:    Try loading font information for U+pzd on input line 63.

(/usr/share/texmf-texlive/tex/latex/psnfss/upzd.fd
File: upzd.fd 2001/06/04 font definitions for U/pzd.
)
LaTeX Font Info:    Try loading font information for U+psy on input line 64.

(/usr/share/texmf-texlive/tex/latex/psnfss/upsy.fd
File: upsy.fd 2001/06/04 font definitions for U/psy.
))
(/usr/share/texmf-texlive/tex/latex/subfigure/subfigure.sty
Package: subfigure 2002/03/15 v2.1.5 subfigure package
\subfigtopskip=\skip57
\subfigcapskip=\skip58
\subfigcaptopadj=\dimen123
\subfigbottomskip=\skip59
\subfigcapmargin=\dimen124
\subfiglabelskip=\skip60
\c@subfigure=\count117
\c@lofdepth=\count118
\c@subtable=\count119
\c@lotdepth=\count120

****************************************
* Local config file subfigure.cfg used *
****************************************
(/usr/share/texmf-texlive/tex/latex/subfigure/subfigure.cfg)
\subfig@top=\skip61
\subfig@bottom=\skip62
)
(/usr/share/texmf-texlive/tex/latex/subeqnarray/subeqnarray.sty
Package: subeqnarray 2004/04/15 v2.1c subeqnarray package
\c@subequation=\count121
)
(/usr/share/texmf-texlive/tex/latex/supertabular/supertabular.sty
Package: supertabular 2004/02/20 v4.1e the supertabular environment
\c@tracingst=\count122
\ST@wd=\dimen125
\ST@rightskip=\skip63
\ST@leftskip=\skip64
\ST@parfillskip=\skip65
\ST@pageleft=\dimen126
\ST@headht=\dimen127
\ST@tailht=\dimen128
\ST@pagesofar=\dimen129
\ST@pboxht=\dimen130
\ST@lineht=\dimen131
\ST@stretchht=\dimen132
\ST@prevht=\dimen133
\ST@toadd=\dimen134
\ST@dimen=\dimen135
\ST@pbox=\box33
)
(/usr/share/texmf-texlive/tex/latex/moreverb/moreverb.sty
Package: moreverb 2008/06/03 v2.3 `more' verbatim facilities

(/usr/share/texmf-texlive/tex/latex/tools/verbatim.sty
Package: verbatim 2003/08/22 v1.5q LaTeX2e package for verbatim enhancements
\every@verbatim=\toks27
\verbatim@line=\toks28
\verbatim@in@stream=\read1
)
\verbatim@out=\write4
\tab@position=\count123
\tab@size=\count124
\listing@line=\count125
)
(/usr/share/texmf-texlive/tex/latex/listings/listings.sty
\lst@mode=\count126
\lst@gtempboxa=\box34
\lst@token=\toks29
\lst@length=\count127
\lst@currlwidth=\dimen136
\lst@column=\count128
\lst@pos=\count129
\lst@lostspace=\dimen137
\lst@width=\dimen138
\lst@newlines=\count130
\lst@lineno=\count131
\lst@maxwidth=\dimen139

(/usr/share/texmf-texlive/tex/latex/listings/lstmisc.sty
File: lstmisc.sty 2007/02/22 1.4 (Carsten Heinz)
\c@lstnumber=\count132
\lst@skipnumbers=\count133
\lst@framebox=\box35
)
(/usr/share/texmf-texlive/tex/latex/listings/listings.cfg
File: listings.cfg 2007/02/22 1.4 listings configuration
))
Package: listings 2007/02/22 1.4 (Carsten Heinz)

(/usr/share/texmf-texlive/tex/latex/psnfss/palatino.sty
Package: palatino 2005/04/12 PSNFSS-v9.2a (SPQR) 
)
(/usr/share/texmf-texlive/tex/latex/tools/longtable.sty
Package: longtable 2004/02/01 v4.11 Multi-page Table package (DPC)
\LTleft=\skip66
\LTright=\skip67
\LTpre=\skip68
\LTpost=\skip69
\LTchunksize=\count134
\LTcapwidth=\dimen140
\LT@head=\box36
\LT@firsthead=\box37
\LT@foot=\box38
\LT@lastfoot=\box39
\LT@cols=\count135
\LT@rows=\count136
\c@LT@tables=\count137
\c@LT@chunks=\count138
\LT@p@ftn=\toks30
)
(/usr/share/texmf-texlive/tex/latex/float/float.sty
Package: float 2001/11/08 v1.3d Float enhancements (AL)
\c@float@type=\count139
\float@exts=\toks31
\float@box=\box40
\@float@everytoks=\toks32
\@floatcapt=\box41
)
(/usr/share/texmf-texlive/tex/latex/bigfoot/perpage.sty
Package: perpage 2006/07/15 1.12 Reset/sort counters per page
\c@abspage=\count140
)
\c@pp@a@figure=\count141

(/usr/share/texmf-texlive/tex/latex/fancyhdr/fancyhdr.sty
\fancy@headwidth=\skip70
\f@ncyO@elh=\skip71
\f@ncyO@erh=\skip72
\f@ncyO@olh=\skip73
\f@ncyO@orh=\skip74
\f@ncyO@elf=\skip75
\f@ncyO@erf=\skip76
\f@ncyO@olf=\skip77
\f@ncyO@orf=\skip78
)

Package Fancyhdr Warning: \fancyhead's `E' option without twoside option is use
less on input line 50.


Package Fancyhdr Warning: \fancyhead's `E' option without twoside option is use
less on input line 52.

\c@thm=\count142
\c@ExListi=\count143
\enitdp@ExList=\count144
\c@ProbListi=\count145
\enitdp@ProbList=\count146

LaTeX Warning: Unused global option(s):
    [12pts,amsmath,amssymb,floatfix].

(./Tutorial_01.aux)
\openout1 = `Tutorial_01.aux'.

LaTeX Font Info:    Checking defaults for OML/cmm/m/it on input line 267.
LaTeX Font Info:    ... okay on input line 267.
LaTeX Font Info:    Checking defaults for T1/cmr/m/n on input line 267.
LaTeX Font Info:    ... okay on input line 267.
LaTeX Font Info:    Checking defaults for OT1/cmr/m/n on input line 267.
LaTeX Font Info:    ... okay on input line 267.
LaTeX Font Info:    Checking defaults for OMS/cmsy/m/n on input line 267.
LaTeX Font Info:    ... okay on input line 267.
LaTeX Font Info:    Checking defaults for OMX/cmex/m/n on input line 267.
LaTeX Font Info:    ... okay on input line 267.
LaTeX Font Info:    Checking defaults for U/cmr/m/n on input line 267.
LaTeX Font Info:    ... okay on input line 267.
LaTeX Font Info:    Checking defaults for PD1/pdf/m/n on input line 267.
LaTeX Font Info:    ... okay on input line 267.
LaTeX Font Info:    Try loading font information for OT1+ppl on input line 267.

 (/usr/share/texmf-texlive/tex/latex/psnfss/ot1ppl.fd
File: ot1ppl.fd 2001/06/04 font definitions for OT1/ppl.
)
(/usr/share/texmf-texlive/tex/context/base/supp-pdf.mkii
[Loading MPS to PDF converter (version 2006.09.02).]
\scratchcounter=\count147
\scratchdimen=\dimen141
\scratchbox=\box42
\nofMPsegments=\count148
\nofMParguments=\count149
\everyMPshowfont=\toks33
\MPscratchCnt=\count150
\MPscratchDim=\dimen142
\MPnumerator=\count151
\everyMPtoPDFconversion=\toks34
) ABD: EveryShipout initializing macros
Package hyperref Info: Link coloring ON on input line 267.

(/usr/share/texmf-texlive/tex/latex/hyperref/nameref.sty
Package: nameref 2007/05/29 v2.31 Cross-referencing by name of section

(/usr/share/texmf-texlive/tex/latex/oberdiek/refcount.sty
Package: refcount 2008/08/11 v3.1 Data extraction from references (HO)
)
\c@section@level=\count152
)
LaTeX Info: Redefining \ref on input line 267.
LaTeX Info: Redefining \pageref on input line 267.
 (./Tutorial_01.out) (./Tutorial_01.out)
\@outlinefile=\write5
\openout5 = `Tutorial_01.out'.

\AtBeginShipoutBox=\box43
\c@lstlisting=\count153
LaTeX Font Info:    Font shape `OT1/ppl/bx/n' in size <10> not available
(Font)              Font shape `OT1/ppl/b/n' tried instead on input line 277.
LaTeX Font Info:    Try loading font information for U+msa on input line 279.
 (/usr/share/texmf-texlive/tex/latex/amsfonts/umsa.fd
File: umsa.fd 2009/06/22 v3.00 AMS symbols A
)
LaTeX Font Info:    Try loading font information for U+msb on input line 279.

(/usr/share/texmf-texlive/tex/latex/amsfonts/umsb.fd
File: umsb.fd 2009/06/22 v3.00 AMS symbols B
)
LaTeX Font Info:    Try loading font information for U+stmry on input line 279.


(/usr/share/texmf-texlive/tex/latex/stmaryrd/Ustmry.fd)
Overfull \hbox (32.14227pt too wide) in paragraph at lines 318--357
 [] 
 []


LaTeX Warning: `h' float specifier changed to `ht'.

LaTeX Font Info:    Try loading font information for OMS+ppl on input line 376.

(/usr/share/texmf-texlive/tex/latex/psnfss/omsppl.fd
File: omsppl.fd 
)
LaTeX Font Info:    Font shape `OMS/ppl/m/it' in size <10> not available
(Font)              Font shape `OMS/cmsy/m/n' tried instead on input line 376.
 [1
Non-PDF special ignored!{/var/lib/texmf/fonts/map/pdftex/updmap/pdftex.map}

]

pdfTeX warning: pdflatex (file .././Pics/BinaryCycle.pdf): PDF inclusion: found
 PDF version <1.5>, but at most version <1.4> allowed
<.././Pics/BinaryCycle.pdf, id=34, 722.7pt x 542.025pt>
File: .././Pics/BinaryCycle.pdf Graphic file (type pdf)

<use .././Pics/BinaryCycle.pdf>
Overfull \hbox (28.45514pt too wide) in paragraph at lines 385--386
 [] 
 []

[2pdfTeX warning (ext4): destination with the same identifier (name{figure.1}) 
has been already used, duplicate ignored

\@EveryShipout@Output ...@Org@Shipout \box \@cclv 
                                                  
l.409  \item C
              oefficient of Performance; <.././Pics/BinaryCycle.pdf>]
<.././Pics/Overview_Refrig42.pdf, id=53, 796.9775pt x 597.23125pt>
File: .././Pics/Overview_Refrig42.pdf Graphic file (type pdf)

<use .././Pics/Overview_Refrig42.pdf> [3pdfTeX warning (ext4): destination with
 the same identifier (name{figure.2}) has been already used, duplicate ignored

\@EveryShipout@Output ...@Org@Shipout \box \@cclv 
                                                  
l.428 \clearpage
                 <.././Pics/Overview_Refrig42.pdf>] [4pdfTeX warning (ext4): de
stination with the same identifier (name{table.1}) has been already used, dupli
cate ignored

\@EveryShipout@Output ...@Org@Shipout \box \@cclv 
                                                  
l.428 \clearpage
                ]

pdfTeX warning: pdflatex (file ./HuntSelect.pdf): PDF inclusion: found PDF vers
ion <1.5>, but at most version <1.4> allowed


pdfTeX warning: pdflatex (file ./HuntSelect.pdf): PDF inclusion: found PDF vers
ion <1.5>, but at most version <1.4> allowed
[5

]

pdfTeX warning: pdflatex (file ./HuntSelect.pdf): PDF inclusion: found PDF vers
ion <1.5>, but at most version <1.4> allowed
<./HuntSelect.pdf, id=87, page=1, 597.50786pt x 845.04686pt>
File: ./HuntSelect.pdf Graphic file (type pdf)

<use ./HuntSelect.pdf, page 1>
File: ./HuntSelect.pdf Graphic file (type pdf)
 <use ./HuntSelect.pdf, page 1>
File: ./HuntSelect.pdf Graphic file (type pdf)

<use ./HuntSelect.pdf, page 1>
File: ./HuntSelect.pdf Graphic file (type pdf)
 <use ./HuntSelect.pdf, page 1>
File: ./HuntSelect.pdf Graphic file (type pdf)

<use ./HuntSelect.pdf, page 1> [6 <./HuntSelect.pdf>]

pdfTeX warning: pdflatex (file ./HuntSelect.pdf): PDF inclusion: found PDF vers
ion <1.5>, but at most version <1.4> allowed
<./HuntSelect.pdf, id=117, page=2, 597.50786pt x 845.04686pt>
File: ./HuntSelect.pdf Graphic file (type pdf)

<use ./HuntSelect.pdf, page 2>
File: ./HuntSelect.pdf Graphic file (type pdf)
 <use ./HuntSelect.pdf, page 2>
File: ./HuntSelect.pdf Graphic file (type pdf)

<use ./HuntSelect.pdf, page 2> [7 <./HuntSelect.pdf>]

pdfTeX warning: pdflatex (file ./HuntSelect.pdf): PDF inclusion: found PDF vers
ion <1.5>, but at most version <1.4> allowed
<./HuntSelect.pdf, id=152, page=3, 597.50786pt x 845.04686pt>
File: ./HuntSelect.pdf Graphic file (type pdf)

<use ./HuntSelect.pdf, page 3>
File: ./HuntSelect.pdf Graphic file (type pdf)
 <use ./HuntSelect.pdf, page 3>
File: ./HuntSelect.pdf Graphic file (type pdf)

<use ./HuntSelect.pdf, page 3> [8 <./HuntSelect.pdf>]

pdfTeX warning: pdflatex (file ./HuntSelect.pdf): PDF inclusion: found PDF vers
ion <1.5>, but at most version <1.4> allowed
<./HuntSelect.pdf, id=165, page=4, 597.50786pt x 845.04686pt>
File: ./HuntSelect.pdf Graphic file (type pdf)

<use ./HuntSelect.pdf, page 4>
File: ./HuntSelect.pdf Graphic file (type pdf)
 <use ./HuntSelect.pdf, page 4>
File: ./HuntSelect.pdf Graphic file (type pdf)

<use ./HuntSelect.pdf, page 4> [9 <./HuntSelect.pdf>]

pdfTeX warning: pdflatex (file ./HuntSelect.pdf): PDF inclusion: found PDF vers
ion <1.5>, but at most version <1.4> allowed
<./HuntSelect.pdf, id=171, page=5, 597.50786pt x 845.04686pt>
File: ./HuntSelect.pdf Graphic file (type pdf)

<use ./HuntSelect.pdf, page 5>
File: ./HuntSelect.pdf Graphic file (type pdf)
 <use ./HuntSelect.pdf, page 5>
File: ./HuntSelect.pdf Graphic file (type pdf)

<use ./HuntSelect.pdf, page 5> [10 <./HuntSelect.pdf>]

pdfTeX warning: pdflatex (file ./HuntSelect.pdf): PDF inclusion: found PDF vers
ion <1.5>, but at most version <1.4> allowed
<./HuntSelect.pdf, id=177, page=6, 597.50786pt x 845.04686pt>
File: ./HuntSelect.pdf Graphic file (type pdf)

<use ./HuntSelect.pdf, page 6>
File: ./HuntSelect.pdf Graphic file (type pdf)
 <use ./HuntSelect.pdf, page 6>
File: ./HuntSelect.pdf Graphic file (type pdf)

<use ./HuntSelect.pdf, page 6> [11 <./HuntSelect.pdf>]

pdfTeX warning: pdflatex (file ./HuntSelect.pdf): PDF inclusion: found PDF vers
ion <1.5>, but at most version <1.4> allowed
<./HuntSelect.pdf, id=190, page=7, 597.50786pt x 845.04686pt>
File: ./HuntSelect.pdf Graphic file (type pdf)

<use ./HuntSelect.pdf, page 7>
File: ./HuntSelect.pdf Graphic file (type pdf)
 <use ./HuntSelect.pdf, page 7>
File: ./HuntSelect.pdf Graphic file (type pdf)

<use ./HuntSelect.pdf, page 7> [12 <./HuntSelect.pdf>]

pdfTeX warning: pdflatex (file ./HuntSelect.pdf): PDF inclusion: found PDF vers
ion <1.5>, but at most version <1.4> allowed
<./HuntSelect.pdf, id=196, page=8, 597.50786pt x 845.04686pt>
File: ./HuntSelect.pdf Graphic file (type pdf)

<use ./HuntSelect.pdf, page 8>
File: ./HuntSelect.pdf Graphic file (type pdf)
 <use ./HuntSelect.pdf, page 8>
File: ./HuntSelect.pdf Graphic file (type pdf)

<use ./HuntSelect.pdf, page 8> [13 <./HuntSelect.pdf>]

pdfTeX warning: pdflatex (file ./HuntSelect.pdf): PDF inclusion: found PDF vers
ion <1.5>, but at most version <1.4> allowed
<./HuntSelect.pdf, id=203, page=9, 597.50786pt x 845.04686pt>
File: ./HuntSelect.pdf Graphic file (type pdf)

<use ./HuntSelect.pdf, page 9>
File: ./HuntSelect.pdf Graphic file (type pdf)
 <use ./HuntSelect.pdf, page 9>
File: ./HuntSelect.pdf Graphic file (type pdf)

<use ./HuntSelect.pdf, page 9> [14 <./HuntSelect.pdf>]

pdfTeX warning: pdflatex (file ./HuntSelect.pdf): PDF inclusion: found PDF vers
ion <1.5>, but at most version <1.4> allowed
<./HuntSelect.pdf, id=209, page=10, 597.50786pt x 845.04686pt>
File: ./HuntSelect.pdf Graphic file (type pdf)

<use ./HuntSelect.pdf, page 10>
File: ./HuntSelect.pdf Graphic file (type pdf)
 <use ./HuntSelect.pdf, page 10>
File: ./HuntSelect.pdf Graphic file (type pdf)

<use ./HuntSelect.pdf, page 10> [15 <./HuntSelect.pdf>]

pdfTeX warning: pdflatex (file ./01_mining_heat.pdf): PDF inclusion: found PDF 
version <1.6>, but at most version <1.4> allowed


pdfTeX warning: pdflatex (file ./01_mining_heat.pdf): PDF inclusion: found PDF 
version <1.6>, but at most version <1.4> allowed
[16

]

pdfTeX warning: pdflatex (file ./01_mining_heat.pdf): PDF inclusion: found PDF 
version <1.6>, but at most version <1.4> allowed
<./01_mining_heat.pdf, id=221, page=1, 614.295pt x 794.97pt>
File: ./01_mining_heat.pdf Graphic file (type pdf)

<use ./01_mining_heat.pdf, page 1>
File: ./01_mining_heat.pdf Graphic file (type pdf)
 <use ./01_mining_heat.pdf, page 1>
File: ./01_mining_heat.pdf Graphic file (type pdf)

<use ./01_mining_heat.pdf, page 1>
File: ./01_mining_heat.pdf Graphic file (type pdf)
 <use ./01_mining_heat.pdf, page 1>
File: ./01_mining_heat.pdf Graphic file (type pdf)

<use ./01_mining_heat.pdf, page 1> [17 <./01_mining_heat.pdf>]

pdfTeX warning: pdflatex (file ./01_mining_heat.pdf): PDF inclusion: found PDF 
version <1.6>, but at most version <1.4> allowed
<./01_mining_heat.pdf, id=309, page=2, 614.295pt x 794.97pt>
File: ./01_mining_heat.pdf Graphic file (type pdf)

<use ./01_mining_heat.pdf, page 2>
File: ./01_mining_heat.pdf Graphic file (type pdf)
 <use ./01_mining_heat.pdf, page 2>
File: ./01_mining_heat.pdf Graphic file (type pdf)

<use ./01_mining_heat.pdf, page 2> [18 <./01_mining_heat.pdf>]

pdfTeX warning: pdflatex (file ./01_mining_heat.pdf): PDF inclusion: found PDF 
version <1.6>, but at most version <1.4> allowed
<./01_mining_heat.pdf, id=322, page=3, 614.295pt x 794.97pt>
File: ./01_mining_heat.pdf Graphic file (type pdf)

<use ./01_mining_heat.pdf, page 3>
File: ./01_mining_heat.pdf Graphic file (type pdf)
 <use ./01_mining_heat.pdf, page 3>
File: ./01_mining_heat.pdf Graphic file (type pdf)

<use ./01_mining_heat.pdf, page 3> [19 <./01_mining_heat.pdf>]

pdfTeX warning: pdflatex (file ./01_mining_heat.pdf): PDF inclusion: found PDF 
version <1.6>, but at most version <1.4> allowed
<./01_mining_heat.pdf, id=417, page=4, 614.295pt x 794.97pt>
File: ./01_mining_heat.pdf Graphic file (type pdf)

<use ./01_mining_heat.pdf, page 4>
File: ./01_mining_heat.pdf Graphic file (type pdf)
 <use ./01_mining_heat.pdf, page 4>
File: ./01_mining_heat.pdf Graphic file (type pdf)

<use ./01_mining_heat.pdf, page 4> [20 <./01_mining_heat.pdf>]

pdfTeX warning: pdflatex (file ./01_mining_heat.pdf): PDF inclusion: found PDF 
version <1.6>, but at most version <1.4> allowed
<./01_mining_heat.pdf, id=443, page=5, 614.295pt x 794.97pt>
File: ./01_mining_heat.pdf Graphic file (type pdf)

<use ./01_mining_heat.pdf, page 5>
File: ./01_mining_heat.pdf Graphic file (type pdf)
 <use ./01_mining_heat.pdf, page 5>
File: ./01_mining_heat.pdf Graphic file (type pdf)

<use ./01_mining_heat.pdf, page 5> [21 <./01_mining_heat.pdf>]

pdfTeX warning: pdflatex (file ./01_mining_heat.pdf): PDF inclusion: found PDF 
version <1.6>, but at most version <1.4> allowed
<./01_mining_heat.pdf, id=462, page=6, 614.295pt x 794.97pt>
File: ./01_mining_heat.pdf Graphic file (type pdf)

<use ./01_mining_heat.pdf, page 6>
File: ./01_mining_heat.pdf Graphic file (type pdf)
 <use ./01_mining_heat.pdf, page 6>
File: ./01_mining_heat.pdf Graphic file (type pdf)

<use ./01_mining_heat.pdf, page 6> [22 <./01_mining_heat.pdf>]

pdfTeX warning: pdflatex (file ./01_mining_heat.pdf): PDF inclusion: found PDF 
version <1.6>, but at most version <1.4> allowed
<./01_mining_heat.pdf, id=496, page=7, 614.295pt x 794.97pt>
File: ./01_mining_heat.pdf Graphic file (type pdf)

<use ./01_mining_heat.pdf, page 7>
File: ./01_mining_heat.pdf Graphic file (type pdf)
 <use ./01_mining_heat.pdf, page 7>
File: ./01_mining_heat.pdf Graphic file (type pdf)

<use ./01_mining_heat.pdf, page 7> [23 <./01_mining_heat.pdf>]

pdfTeX warning: pdflatex (file ./01_mining_heat.pdf): PDF inclusion: found PDF 
version <1.6>, but at most version <1.4> allowed
<./01_mining_heat.pdf, id=519, page=8, 614.295pt x 794.97pt>
File: ./01_mining_heat.pdf Graphic file (type pdf)

<use ./01_mining_heat.pdf, page 8>
File: ./01_mining_heat.pdf Graphic file (type pdf)
 <use ./01_mining_heat.pdf, page 8>
File: ./01_mining_heat.pdf Graphic file (type pdf)

<use ./01_mining_heat.pdf, page 8> [24 <./01_mining_heat.pdf>]

pdfTeX warning: pdflatex (file ./01_mining_heat.pdf): PDF inclusion: found PDF 
version <1.6>, but at most version <1.4> allowed
<./01_mining_heat.pdf, id=564, page=9, 614.295pt x 794.97pt>
File: ./01_mining_heat.pdf Graphic file (type pdf)

<use ./01_mining_heat.pdf, page 9>
File: ./01_mining_heat.pdf Graphic file (type pdf)
 <use ./01_mining_heat.pdf, page 9>
File: ./01_mining_heat.pdf Graphic file (type pdf)

<use ./01_mining_heat.pdf, page 9> [25 <./01_mining_heat.pdf>]

pdfTeX warning: pdflatex (file ./01_mining_heat.pdf): PDF inclusion: found PDF 
version <1.6>, but at most version <1.4> allowed
<./01_mining_heat.pdf, id=653, page=10, 614.295pt x 794.97pt>
File: ./01_mining_heat.pdf Graphic file (type pdf)

<use ./01_mining_heat.pdf, page 10>
File: ./01_mining_heat.pdf Graphic file (type pdf)
 <use ./01_mining_heat.pdf, page 10>
File: ./01_mining_heat.pdf Graphic file (type pdf)

<use ./01_mining_heat.pdf, page 10> [26 <./01_mining_heat.pdf>]
(./Tutorial_01.aux) ) 
Here is how much of TeX's memory you used:
 8959 strings out of 495061
 125065 string characters out of 1182620
 216128 words of memory out of 3000000
 11836 multiletter control sequences out of 15000+50000
 27062 words of font info for 79 fonts, out of 3000000 for 9000
 28 hyphenation exceptions out of 8191
 38i,18n,43p,615b,638s stack positions out of 5000i,500n,10000p,200000b,50000s
{/usr/share/texmf-texlive/fonts/enc/dvips/base/8r.enc}</us
r/share/texmf-texlive/fonts/type1/public/amsfonts/cm/cmex10.pfb></usr/share/tex
mf-texlive/fonts/type1/public/amsfonts/cm/cmmi10.pfb></usr/share/texmf-texlive/
fonts/type1/public/amsfonts/cm/cmmi7.pfb></usr/share/texmf-texlive/fonts/type1/
public/amsfonts/cm/cmr10.pfb></usr/share/texmf-texlive/fonts/type1/public/amsfo
nts/cm/cmr7.pfb></usr/share/texmf-texlive/fonts/type1/public/amsfonts/cm/cmr8.p
fb></usr/share/texmf-texlive/fonts/type1/public/amsfonts/cm/cmsy10.pfb></usr/sh
are/texmf-texlive/fonts/type1/public/amsfonts/cm/cmsy7.pfb></usr/share/texmf-te
xlive/fonts/type1/urw/palatino/uplb8a.pfb></usr/share/texmf-texlive/fonts/type1
/urw/palatino/uplr8a.pfb></usr/share/texmf-texlive/fonts/type1/urw/palatino/upl
ri8a.pfb>
Output written on Tutorial_01.pdf (26 pages, 4876177 bytes).
PDF statistics:
 723 PDF objects out of 1000 (max. 8388607)
 52 named destinations out of 1000 (max. 500000)
 131 words of extra memory for PDF output out of 10000 (max. 10000000)

