\BOOKMARK [1][-]{section.1}{Introduction}{}% 1
\BOOKMARK [1][-]{section.2}{Laminar pipe flow}{}% 2
\BOOKMARK [2][-]{subsection.2.1}{Starting ANSYS workbench}{section.2}% 3
\BOOKMARK [2][-]{subsection.2.2}{Geometry}{section.2}% 4
\BOOKMARK [3][-]{subsubsection.2.2.1}{Make a sketch}{subsection.2.2}% 5
\BOOKMARK [3][-]{subsubsection.2.2.2}{Setting the dimensions}{subsection.2.2}% 6
\BOOKMARK [3][-]{subsubsection.2.2.3}{Creating the surface}{subsection.2.2}% 7
\BOOKMARK [3][-]{subsubsection.2.2.4}{Save the project}{subsection.2.2}% 8
\BOOKMARK [2][-]{subsection.2.3}{Mesh generation}{section.2}% 9
\BOOKMARK [3][-]{subsubsection.2.3.1}{Launching the meshing window}{subsection.2.3}% 10
\BOOKMARK [3][-]{subsubsection.2.3.2}{Creating named selection}{subsection.2.3}% 11
\BOOKMARK [3][-]{subsubsection.2.3.3}{Creating uniform structured Mesh}{subsection.2.3}% 12
\BOOKMARK [3][-]{subsubsection.2.3.4}{Edge sizing}{subsection.2.3}% 13
\BOOKMARK [2][-]{subsection.2.4}{FLUENT analysis}{section.2}% 14
\BOOKMARK [3][-]{subsubsection.2.4.1}{Checking warning messages}{subsection.2.4}% 15
\BOOKMARK [3][-]{subsubsection.2.4.2}{Check Mesh and Display}{subsection.2.4}% 16
\BOOKMARK [3][-]{subsubsection.2.4.3}{Select Model and material properties}{subsection.2.4}% 17
\BOOKMARK [3][-]{subsubsection.2.4.4}{Boundary Conditions}{subsection.2.4}% 18
\BOOKMARK [3][-]{subsubsection.2.4.5}{Solution Methods and Controls}{subsection.2.4}% 19
\BOOKMARK [3][-]{subsubsection.2.4.6}{Monitoring solution convergence}{subsection.2.4}% 20
\BOOKMARK [3][-]{subsubsection.2.4.7}{Initialisation}{subsection.2.4}% 21
\BOOKMARK [3][-]{subsubsection.2.4.8}{Run the calculation}{subsection.2.4}% 22
\BOOKMARK [2][-]{subsection.2.5}{Post-processing}{section.2}% 23
\BOOKMARK [3][-]{subsubsection.2.5.1}{velocity vectors}{subsection.2.5}% 24
\BOOKMARK [3][-]{subsubsection.2.5.2}{velocity magnitude contours}{subsection.2.5}% 25
\BOOKMARK [3][-]{subsubsection.2.5.3}{velocity profiles \(velocity as a function of radial position\)}{subsection.2.5}% 26
\BOOKMARK [3][-]{subsubsection.2.5.4}{skin friction coefficient along the pipe wall}{subsection.2.5}% 27
\BOOKMARK [2][-]{subsection.2.6}{Verification \046 Validation}{section.2}% 28
\BOOKMARK [2][-]{subsection.2.7}{Verification}{section.2}% 29
\BOOKMARK [2][-]{subsection.2.8}{Validation \(Exercises\)}{section.2}% 30
\BOOKMARK [1][-]{section.3}{Start-up flow}{}% 31
\BOOKMARK [2][-]{subsection.3.1}{Exercises}{section.3}% 32
