This is pdfTeX, Version 3.14159265-2.6-1.40.16 (TeX Live 2015/Debian) (preloaded format=pdflatex 2017.8.23)  27 SEP 2017 21:11
entering extended mode
 restricted \write18 enabled.
 %&-line parsing enabled.
**practical1b.tex
(./practical1b.tex
LaTeX2e <2016/02/01>
Babel <3.9q> and hyphenation patterns for 3 language(s) loaded.
(/usr/share/texlive/texmf-dist/tex/latex/koma-script/scrartcl.cls
Document Class: scrartcl 2015/10/03 v3.19a KOMA-Script document class (article)

(/usr/share/texlive/texmf-dist/tex/latex/koma-script/scrkbase.sty
Package: scrkbase 2015/10/03 v3.19a KOMA-Script package (KOMA-Script-dependent 
basics and keyval usage)

(/usr/share/texlive/texmf-dist/tex/latex/koma-script/scrbase.sty
Package: scrbase 2015/10/03 v3.19a KOMA-Script package (KOMA-Script-independent
 basics and keyval usage)

(/usr/share/texlive/texmf-dist/tex/latex/graphics/keyval.sty
Package: keyval 2014/10/28 v1.15 key=value parser (DPC)
\KV@toks@=\toks14
)
(/usr/share/texlive/texmf-dist/tex/latex/koma-script/scrlfile.sty
Package: scrlfile 2015/10/03 v3.19a KOMA-Script package (loading files)

Package scrlfile, 2015/10/03 v3.19a KOMA-Script package (loading files)
                  Copyright (C) Markus Kohm

))) (/usr/share/texlive/texmf-dist/tex/latex/koma-script/tocbasic.sty
Package: tocbasic 2015/10/03 v3.19a KOMA-Script package (handling toc-files)
)
Package tocbasic Info: omitting babel extension for `toc'
(tocbasic)             because of feature `nobabel' available
(tocbasic)             for `toc' on input line 123.
Package tocbasic Info: omitting babel extension for `lof'
(tocbasic)             because of feature `nobabel' available
(tocbasic)             for `lof' on input line 124.
Package tocbasic Info: omitting babel extension for `lot'
(tocbasic)             because of feature `nobabel' available
(tocbasic)             for `lot' on input line 125.
Package scrartcl Info: You've used standard option `11pt'.
(scrartcl)             This is correct!
(scrartcl)             Internally I'm using `fontsize=11pt'.
(scrartcl)             If you'd like to set the option with \KOMAoptions,
(scrartcl)             you'd have to use `fontsize=11pt' there
(scrartcl)             instead of `11pt', too.
Class scrartcl Info: You've used standard option `oneside'.
(scrartcl)           This is correct!
(scrartcl)           Internally I'm using `twoside=false'.
(scrartcl)           If you'd like to set the option with \KOMAoptions,
(scrartcl)           you'd have to use `twoside=false' there
(scrartcl)           instead of `oneside', too.
Class scrartcl Info: File `scrsize11pt.clo' used to setup font sizes on input l
ine 2033.

(/usr/share/texlive/texmf-dist/tex/latex/koma-script/scrsize11pt.clo
File: scrsize11pt.clo 2015/10/03 v3.19a KOMA-Script font size class option (11p
t)
)
(/usr/share/texlive/texmf-dist/tex/latex/koma-script/typearea.sty
Package: typearea 2015/10/03 v3.19a KOMA-Script package (type area)

Package typearea, 2015/10/03 v3.19a KOMA-Script package (type area)
                  Copyright (C) Frank Neukam, 1992-1994
                  Copyright (C) Markus Kohm, 1994-

\ta@bcor=\skip41
\ta@div=\count79
Package typearea Info: You've used standard option `a4paper'.
(typearea)             This is correct!
(typearea)             Internally I'm using `paper=a4'.
(typearea)             If you'd like to set the option with \KOMAoptions,
(typearea)             you'd have to use `paper=a4' there
(typearea)             instead of `a4paper', too.
Package typearea Info: You've used standard option `oneside'.
(typearea)             This is correct!
(typearea)             Internally I'm using `twoside=false'.
(typearea)             If you'd like to set the option with \KOMAoptions,
(typearea)             you'd have to use `twoside=false' there
(typearea)             instead of `oneside', too.
\ta@hblk=\skip42
\ta@vblk=\skip43
\ta@temp=\skip44
\footheight=\skip45
Package typearea Info: These are the values describing the layout:
(typearea)             DIV  = 10
(typearea)             BCOR = 0.0pt
(typearea)             \paperwidth      = 597.50793pt
(typearea)              \textwidth      = 418.25555pt
(typearea)              DIV departure   = -6%
(typearea)              \evensidemargin = 17.3562pt
(typearea)              \oddsidemargin  = 17.3562pt
(typearea)             \paperheight     = 845.04694pt
(typearea)              \textheight     = 595.80026pt
(typearea)              \topmargin      = -25.16531pt
(typearea)              \headheight     = 17.0pt
(typearea)              \headsep        = 20.40001pt
(typearea)              \topskip        = 11.0pt
(typearea)              \footskip       = 47.6pt
(typearea)              \baselineskip   = 13.6pt
(typearea)              on input line 1509.
)
\c@part=\count80
\c@section=\count81
\c@subsection=\count82
\c@subsubsection=\count83
\c@paragraph=\count84
\c@subparagraph=\count85
LaTeX Info: Redefining \textsubscript on input line 3906.
\abovecaptionskip=\skip46
\belowcaptionskip=\skip47
\c@pti@nb@sid@b@x=\box26
\c@figure=\count86
\c@table=\count87
\bibindent=\dimen102
) (/usr/share/texlive/texmf-dist/tex/latex/base/fixltx2e.sty
Package: fixltx2e 2015/06/22 v2.0b fixes to LaTeX (obsolete)


Package fixltx2e Warning: fixltx2e is not required with releases after 2015
(fixltx2e)                All fixes are now in the LaTeX kernel.
(fixltx2e)                See the latexrelease package for details.

) (/usr/share/texlive/texmf-dist/tex/latex/geometry/geometry.sty
Package: geometry 2010/09/12 v5.6 Page Geometry

(/usr/share/texlive/texmf-dist/tex/generic/oberdiek/ifpdf.sty
Package: ifpdf 2011/01/30 v2.3 Provides the ifpdf switch (HO)
Package ifpdf Info: pdfTeX in PDF mode is detected.
)
(/usr/share/texlive/texmf-dist/tex/generic/oberdiek/ifvtex.sty
Package: ifvtex 2010/03/01 v1.5 Detect VTeX and its facilities (HO)
Package ifvtex Info: VTeX not detected.
)
(/usr/share/texlive/texmf-dist/tex/generic/ifxetex/ifxetex.sty
Package: ifxetex 2010/09/12 v0.6 Provides ifxetex conditional
)
\Gm@cnth=\count88
\Gm@cntv=\count89
\c@Gm@tempcnt=\count90
\Gm@bindingoffset=\dimen103
\Gm@wd@mp=\dimen104
\Gm@odd@mp=\dimen105
\Gm@even@mp=\dimen106
\Gm@layoutwidth=\dimen107
\Gm@layoutheight=\dimen108
\Gm@layouthoffset=\dimen109
\Gm@layoutvoffset=\dimen110
\Gm@dimlist=\toks15
)
(/usr/share/texlive/texmf-dist/tex/latex/graphics/graphicx.sty
Package: graphicx 2014/10/28 v1.0g Enhanced LaTeX Graphics (DPC,SPQR)

(/usr/share/texlive/texmf-dist/tex/latex/graphics/graphics.sty
Package: graphics 2016/01/03 v1.0q Standard LaTeX Graphics (DPC,SPQR)

(/usr/share/texlive/texmf-dist/tex/latex/graphics/trig.sty
Package: trig 2016/01/03 v1.10 sin cos tan (DPC)
)
(/usr/share/texlive/texmf-dist/tex/latex/latexconfig/graphics.cfg
File: graphics.cfg 2010/04/23 v1.9 graphics configuration of TeX Live
)
Package graphics Info: Driver file: pdftex.def on input line 95.

(/usr/share/texlive/texmf-dist/tex/latex/pdftex-def/pdftex.def
File: pdftex.def 2011/05/27 v0.06d Graphics/color for pdfTeX

(/usr/share/texlive/texmf-dist/tex/generic/oberdiek/infwarerr.sty
Package: infwarerr 2010/04/08 v1.3 Providing info/warning/error messages (HO)
)
(/usr/share/texlive/texmf-dist/tex/generic/oberdiek/ltxcmds.sty
Package: ltxcmds 2011/11/09 v1.22 LaTeX kernel commands for general use (HO)
)
\Gread@gobject=\count91
))
\Gin@req@height=\dimen111
\Gin@req@width=\dimen112
)
(/usr/share/texlive/texmf-dist/tex/latex/graphics/color.sty
Package: color 2016/01/03 v1.1b Standard LaTeX Color (DPC)

(/usr/share/texlive/texmf-dist/tex/latex/latexconfig/color.cfg
File: color.cfg 2007/01/18 v1.5 color configuration of teTeX/TeXLive
)
Package color Info: Driver file: pdftex.def on input line 143.
)
(/usr/share/texlive/texmf-dist/tex/latex/float/float.sty
Package: float 2001/11/08 v1.3d Float enhancements (AL)
\c@float@type=\count92
\float@exts=\toks16
\float@box=\box27
\@float@everytoks=\toks17
\@floatcapt=\box28
)
(/usr/share/texlive/texmf-dist/tex/latex/amsmath/amsmath.sty
Package: amsmath 2016/03/03 v2.15a AMS math features
\@mathmargin=\skip48

For additional information on amsmath, use the `?' option.
(/usr/share/texlive/texmf-dist/tex/latex/amsmath/amstext.sty
Package: amstext 2000/06/29 v2.01 AMS text

(/usr/share/texlive/texmf-dist/tex/latex/amsmath/amsgen.sty
File: amsgen.sty 1999/11/30 v2.0 generic functions
\@emptytoks=\toks18
\ex@=\dimen113
))
(/usr/share/texlive/texmf-dist/tex/latex/amsmath/amsbsy.sty
Package: amsbsy 1999/11/29 v1.2d Bold Symbols
\pmbraise@=\dimen114
)
(/usr/share/texlive/texmf-dist/tex/latex/amsmath/amsopn.sty
Package: amsopn 1999/12/14 v2.01 operator names
)
\inf@bad=\count93
LaTeX Info: Redefining \frac on input line 199.
\uproot@=\count94
\leftroot@=\count95
LaTeX Info: Redefining \overline on input line 297.
\classnum@=\count96
\DOTSCASE@=\count97
LaTeX Info: Redefining \ldots on input line 394.
LaTeX Info: Redefining \dots on input line 397.
LaTeX Info: Redefining \cdots on input line 518.
\Mathstrutbox@=\box29
\strutbox@=\box30
\big@size=\dimen115
LaTeX Font Info:    Redeclaring font encoding OML on input line 630.
LaTeX Font Info:    Redeclaring font encoding OMS on input line 631.
\macc@depth=\count98
\c@MaxMatrixCols=\count99
\dotsspace@=\muskip10
\c@parentequation=\count100
\dspbrk@lvl=\count101
\tag@help=\toks19
\row@=\count102
\column@=\count103
\maxfields@=\count104
\andhelp@=\toks20
\eqnshift@=\dimen116
\alignsep@=\dimen117
\tagshift@=\dimen118
\tagwidth@=\dimen119
\totwidth@=\dimen120
\lineht@=\dimen121
\@envbody=\toks21
\multlinegap=\skip49
\multlinetaggap=\skip50
\mathdisplay@stack=\toks22
LaTeX Info: Redefining \[ on input line 2735.
LaTeX Info: Redefining \] on input line 2736.
)
(/usr/share/texlive/texmf-dist/tex/latex/amsfonts/amssymb.sty
Package: amssymb 2013/01/14 v3.01 AMS font symbols

(/usr/share/texlive/texmf-dist/tex/latex/amsfonts/amsfonts.sty
Package: amsfonts 2013/01/14 v3.01 Basic AMSFonts support
\symAMSa=\mathgroup4
\symAMSb=\mathgroup5
LaTeX Font Info:    Overwriting math alphabet `\mathfrak' in version `bold'
(Font)                  U/euf/m/n --> U/euf/b/n on input line 106.
))
(/usr/share/texlive/texmf-dist/tex/latex/soul/soul.sty
Package: soul 2003/11/17 v2.4 letterspacing/underlining (mf)
\SOUL@word=\toks23
\SOUL@lasttoken=\toks24
\SOUL@cmds=\toks25
\SOUL@buffer=\toks26
\SOUL@token=\toks27
\SOUL@spaceskip=\skip51
\SOUL@ttwidth=\dimen122
\SOUL@uldp=\dimen123
\SOUL@ulht=\dimen124
)
(/usr/share/texlive/texmf-dist/tex/latex/placeins/placeins.sty
Package: placeins 2005/04/18  v 2.2
)
(/usr/share/texlive/texmf-dist/tex/latex/enumitem/enumitem.sty
Package: enumitem 2011/09/28 v3.5.2 Customized lists
\labelindent=\skip52
\enit@outerparindent=\dimen125
\enit@toks=\toks28
\enit@inbox=\box31
\enitdp@description=\count105
)
(/usr/share/texlive/texmf-dist/tex/latex/oberdiek/attachfile2.sty
Package: attachfile2 2012/04/18 v2.7 Attach files into PDF (HO)

(/usr/share/texlive/texmf-dist/tex/generic/oberdiek/ifluatex.sty
Package: ifluatex 2010/03/01 v1.3 Provides the ifluatex switch (HO)
Package ifluatex Info: LuaTeX not detected.
)
(/usr/share/texlive/texmf-dist/tex/latex/oberdiek/kvoptions.sty
Package: kvoptions 2011/06/30 v3.11 Key value format for package options (HO)

(/usr/share/texlive/texmf-dist/tex/generic/oberdiek/kvsetkeys.sty
Package: kvsetkeys 2012/04/25 v1.16 Key value parser (HO)

(/usr/share/texlive/texmf-dist/tex/generic/oberdiek/etexcmds.sty
Package: etexcmds 2011/02/16 v1.5 Avoid name clashes with e-TeX commands (HO)
Package etexcmds Info: Could not find \expanded.
(etexcmds)             That can mean that you are not using pdfTeX 1.50 or
(etexcmds)             that some package has redefined \expanded.
(etexcmds)             In the latter case, load this package earlier.
)))
(/usr/share/texlive/texmf-dist/tex/generic/oberdiek/pdftexcmds.sty
Package: pdftexcmds 2011/11/29 v0.20 Utility functions of pdfTeX for LuaTeX (HO
)
Package pdftexcmds Info: LuaTeX not detected.
Package pdftexcmds Info: \pdf@primitive is available.
Package pdftexcmds Info: \pdf@ifprimitive is available.
Package pdftexcmds Info: \pdfdraftmode found.
)
(/usr/share/texlive/texmf-dist/tex/generic/oberdiek/pdfescape.sty
Package: pdfescape 2011/11/25 v1.13 Implements pdfTeX's escape features (HO)
)
(/usr/share/texlive/texmf-dist/tex/latex/hyperref/hyperref.sty
Package: hyperref 2012/11/06 v6.83m Hypertext links for LaTeX

(/usr/share/texlive/texmf-dist/tex/generic/oberdiek/hobsub-hyperref.sty
Package: hobsub-hyperref 2012/05/28 v1.13 Bundle oberdiek, subset hyperref (HO)


(/usr/share/texlive/texmf-dist/tex/generic/oberdiek/hobsub-generic.sty
Package: hobsub-generic 2012/05/28 v1.13 Bundle oberdiek, subset generic (HO)
Package: hobsub 2012/05/28 v1.13 Construct package bundles (HO)
Package hobsub Info: Skipping package `infwarerr' (already loaded).
Package hobsub Info: Skipping package `ltxcmds' (already loaded).
Package hobsub Info: Skipping package `ifluatex' (already loaded).
Package hobsub Info: Skipping package `ifvtex' (already loaded).
Package: intcalc 2007/09/27 v1.1 Expandable calculations with integers (HO)
Package hobsub Info: Skipping package `ifpdf' (already loaded).
Package hobsub Info: Skipping package `etexcmds' (already loaded).
Package hobsub Info: Skipping package `kvsetkeys' (already loaded).
Package: kvdefinekeys 2011/04/07 v1.3 Define keys (HO)
Package hobsub Info: Skipping package `pdftexcmds' (already loaded).
Package hobsub Info: Skipping package `pdfescape' (already loaded).
Package: bigintcalc 2012/04/08 v1.3 Expandable calculations on big integers (HO
)
Package: bitset 2011/01/30 v1.1 Handle bit-vector datatype (HO)
Package: uniquecounter 2011/01/30 v1.2 Provide unlimited unique counter (HO)
)
Package hobsub Info: Skipping package `hobsub' (already loaded).
Package: letltxmacro 2010/09/02 v1.4 Let assignment for LaTeX macros (HO)
Package: hopatch 2012/05/28 v1.2 Wrapper for package hooks (HO)
Package: xcolor-patch 2011/01/30 xcolor patch
Package: atveryend 2011/06/30 v1.8 Hooks at the very end of document (HO)
Package atveryend Info: \enddocument detected (standard20110627).
Package: atbegshi 2011/10/05 v1.16 At begin shipout hook (HO)
Package: refcount 2011/10/16 v3.4 Data extraction from label references (HO)
Package: hycolor 2011/01/30 v1.7 Color options for hyperref/bookmark (HO)
)
(/usr/share/texlive/texmf-dist/tex/latex/oberdiek/auxhook.sty
Package: auxhook 2011/03/04 v1.3 Hooks for auxiliary files (HO)
)
\@linkdim=\dimen126
\Hy@linkcounter=\count106
\Hy@pagecounter=\count107

(/usr/share/texlive/texmf-dist/tex/latex/hyperref/pd1enc.def
File: pd1enc.def 2012/11/06 v6.83m Hyperref: PDFDocEncoding definition (HO)
)
\Hy@SavedSpaceFactor=\count108

(/usr/share/texlive/texmf-dist/tex/latex/latexconfig/hyperref.cfg
File: hyperref.cfg 2002/06/06 v1.2 hyperref configuration of TeXLive
)
Package hyperref Info: Hyper figures OFF on input line 4443.
Package hyperref Info: Link nesting OFF on input line 4448.
Package hyperref Info: Hyper index ON on input line 4451.
Package hyperref Info: Plain pages OFF on input line 4458.
Package hyperref Info: Backreferencing OFF on input line 4463.
Package hyperref Info: Implicit mode ON; LaTeX internals redefined.
Package hyperref Info: Bookmarks ON on input line 4688.
\c@Hy@tempcnt=\count109

(/usr/share/texlive/texmf-dist/tex/latex/url/url.sty
\Urlmuskip=\muskip11
Package: url 2013/09/16  ver 3.4  Verb mode for urls, etc.
)
LaTeX Info: Redefining \url on input line 5041.
\XeTeXLinkMargin=\dimen127
\Fld@menulength=\count110
\Field@Width=\dimen128
\Fld@charsize=\dimen129
Package hyperref Info: Hyper figures OFF on input line 6295.
Package hyperref Info: Link nesting OFF on input line 6300.
Package hyperref Info: Hyper index ON on input line 6303.
Package hyperref Info: backreferencing OFF on input line 6310.
Package hyperref Info: Link coloring OFF on input line 6315.
Package hyperref Info: Link coloring with OCG OFF on input line 6320.
Package hyperref Info: PDF/A mode OFF on input line 6325.
LaTeX Info: Redefining \ref on input line 6365.
LaTeX Info: Redefining \pageref on input line 6369.
\Hy@abspage=\count111
\c@Item=\count112
\c@Hfootnote=\count113
)

Package hyperref Message: Driver (autodetected): hpdftex.

(/usr/share/texlive/texmf-dist/tex/latex/hyperref/hpdftex.def
File: hpdftex.def 2012/11/06 v6.83m Hyperref driver for pdfTeX
\Fld@listcount=\count114
\c@bookmark@seq@number=\count115

(/usr/share/texlive/texmf-dist/tex/latex/oberdiek/rerunfilecheck.sty
Package: rerunfilecheck 2011/04/15 v1.7 Rerun checks for auxiliary files (HO)
Package uniquecounter Info: New unique counter `rerunfilecheck' on input line 2
82.
)
\Hy@SectionHShift=\skip53
)
(/usr/share/texlive/texmf-dist/tex/latex/oberdiek/atfi-pdftex.def
File: atfi-pdftex.def 2012/04/18 v2.7 attachfile2 driver for pdfTeX (HO)
)
(./practical1b.atfi)
\atfi@stream=\write3
\openout3 = `practical1b.atfi'.

\atfi@appearancewidth=\skip54
\atfi@appearanceheight=\skip55
\atfi@appearancedepth=\skip56
\atfi@appearancebox=\box32
\c@atfi@flags=\count116
)
(/usr/share/texlive/texmf-dist/tex/latex/base/textcomp.sty
Package: textcomp 2005/09/27 v1.99g Standard LaTeX package
Package textcomp Info: Sub-encoding information:
(textcomp)               5 = only ISO-Adobe without \textcurrency
(textcomp)               4 = 5 + \texteuro
(textcomp)               3 = 4 + \textohm
(textcomp)               2 = 3 + \textestimated + \textcurrency
(textcomp)               1 = TS1 - \textcircled - \t
(textcomp)               0 = TS1 (full)
(textcomp)             Font families with sub-encoding setting implement
(textcomp)             only a restricted character set as indicated.
(textcomp)             Family '?' is the default used for unknown fonts.
(textcomp)             See the documentation for details.
Package textcomp Info: Setting ? sub-encoding to TS1/1 on input line 79.

(/usr/share/texlive/texmf-dist/tex/latex/base/ts1enc.def
File: ts1enc.def 2001/06/05 v3.0e (jk/car/fm) Standard LaTeX file
)
LaTeX Info: Redefining \oldstylenums on input line 334.
Package textcomp Info: Setting cmr sub-encoding to TS1/0 on input line 349.
Package textcomp Info: Setting cmss sub-encoding to TS1/0 on input line 350.
Package textcomp Info: Setting cmtt sub-encoding to TS1/0 on input line 351.
Package textcomp Info: Setting cmvtt sub-encoding to TS1/0 on input line 352.
Package textcomp Info: Setting cmbr sub-encoding to TS1/0 on input line 353.
Package textcomp Info: Setting cmtl sub-encoding to TS1/0 on input line 354.
Package textcomp Info: Setting ccr sub-encoding to TS1/0 on input line 355.
Package textcomp Info: Setting ptm sub-encoding to TS1/4 on input line 356.
Package textcomp Info: Setting pcr sub-encoding to TS1/4 on input line 357.
Package textcomp Info: Setting phv sub-encoding to TS1/4 on input line 358.
Package textcomp Info: Setting ppl sub-encoding to TS1/3 on input line 359.
Package textcomp Info: Setting pag sub-encoding to TS1/4 on input line 360.
Package textcomp Info: Setting pbk sub-encoding to TS1/4 on input line 361.
Package textcomp Info: Setting pnc sub-encoding to TS1/4 on input line 362.
Package textcomp Info: Setting pzc sub-encoding to TS1/4 on input line 363.
Package textcomp Info: Setting bch sub-encoding to TS1/4 on input line 364.
Package textcomp Info: Setting put sub-encoding to TS1/5 on input line 365.
Package textcomp Info: Setting uag sub-encoding to TS1/5 on input line 366.
Package textcomp Info: Setting ugq sub-encoding to TS1/5 on input line 367.
Package textcomp Info: Setting ul8 sub-encoding to TS1/4 on input line 368.
Package textcomp Info: Setting ul9 sub-encoding to TS1/4 on input line 369.
Package textcomp Info: Setting augie sub-encoding to TS1/5 on input line 370.
Package textcomp Info: Setting dayrom sub-encoding to TS1/3 on input line 371.
Package textcomp Info: Setting dayroms sub-encoding to TS1/3 on input line 372.

Package textcomp Info: Setting pxr sub-encoding to TS1/0 on input line 373.
Package textcomp Info: Setting pxss sub-encoding to TS1/0 on input line 374.
Package textcomp Info: Setting pxtt sub-encoding to TS1/0 on input line 375.
Package textcomp Info: Setting txr sub-encoding to TS1/0 on input line 376.
Package textcomp Info: Setting txss sub-encoding to TS1/0 on input line 377.
Package textcomp Info: Setting txtt sub-encoding to TS1/0 on input line 378.
Package textcomp Info: Setting lmr sub-encoding to TS1/0 on input line 379.
Package textcomp Info: Setting lmdh sub-encoding to TS1/0 on input line 380.
Package textcomp Info: Setting lmss sub-encoding to TS1/0 on input line 381.
Package textcomp Info: Setting lmssq sub-encoding to TS1/0 on input line 382.
Package textcomp Info: Setting lmvtt sub-encoding to TS1/0 on input line 383.
Package textcomp Info: Setting lmtt sub-encoding to TS1/0 on input line 384.
Package textcomp Info: Setting qhv sub-encoding to TS1/0 on input line 385.
Package textcomp Info: Setting qag sub-encoding to TS1/0 on input line 386.
Package textcomp Info: Setting qbk sub-encoding to TS1/0 on input line 387.
Package textcomp Info: Setting qcr sub-encoding to TS1/0 on input line 388.
Package textcomp Info: Setting qcs sub-encoding to TS1/0 on input line 389.
Package textcomp Info: Setting qpl sub-encoding to TS1/0 on input line 390.
Package textcomp Info: Setting qtm sub-encoding to TS1/0 on input line 391.
Package textcomp Info: Setting qzc sub-encoding to TS1/0 on input line 392.
Package textcomp Info: Setting qhvc sub-encoding to TS1/0 on input line 393.
Package textcomp Info: Setting futs sub-encoding to TS1/4 on input line 394.
Package textcomp Info: Setting futx sub-encoding to TS1/4 on input line 395.
Package textcomp Info: Setting futj sub-encoding to TS1/4 on input line 396.
Package textcomp Info: Setting hlh sub-encoding to TS1/3 on input line 397.
Package textcomp Info: Setting hls sub-encoding to TS1/3 on input line 398.
Package textcomp Info: Setting hlst sub-encoding to TS1/3 on input line 399.
Package textcomp Info: Setting hlct sub-encoding to TS1/5 on input line 400.
Package textcomp Info: Setting hlx sub-encoding to TS1/5 on input line 401.
Package textcomp Info: Setting hlce sub-encoding to TS1/5 on input line 402.
Package textcomp Info: Setting hlcn sub-encoding to TS1/5 on input line 403.
Package textcomp Info: Setting hlcw sub-encoding to TS1/5 on input line 404.
Package textcomp Info: Setting hlcf sub-encoding to TS1/5 on input line 405.
Package textcomp Info: Setting pplx sub-encoding to TS1/3 on input line 406.
Package textcomp Info: Setting pplj sub-encoding to TS1/3 on input line 407.
Package textcomp Info: Setting ptmx sub-encoding to TS1/4 on input line 408.
Package textcomp Info: Setting ptmj sub-encoding to TS1/4 on input line 409.
) (./practical1b.aux)
\openout1 = `practical1b.aux'.

LaTeX Font Info:    Checking defaults for OML/cmm/m/it on input line 23.
LaTeX Font Info:    ... okay on input line 23.
LaTeX Font Info:    Checking defaults for T1/cmr/m/n on input line 23.
LaTeX Font Info:    ... okay on input line 23.
LaTeX Font Info:    Checking defaults for OT1/cmr/m/n on input line 23.
LaTeX Font Info:    ... okay on input line 23.
LaTeX Font Info:    Checking defaults for OMS/cmsy/m/n on input line 23.
LaTeX Font Info:    ... okay on input line 23.
LaTeX Font Info:    Checking defaults for OMX/cmex/m/n on input line 23.
LaTeX Font Info:    ... okay on input line 23.
LaTeX Font Info:    Checking defaults for U/cmr/m/n on input line 23.
LaTeX Font Info:    ... okay on input line 23.
LaTeX Font Info:    Checking defaults for PD1/pdf/m/n on input line 23.
LaTeX Font Info:    ... okay on input line 23.
LaTeX Font Info:    Checking defaults for TS1/cmr/m/n on input line 23.
LaTeX Font Info:    Try loading font information for TS1+cmr on input line 23.

(/usr/share/texlive/texmf-dist/tex/latex/base/ts1cmr.fd
File: ts1cmr.fd 2014/09/29 v2.5h Standard LaTeX font definitions
)
LaTeX Font Info:    ... okay on input line 23.

*geometry* driver: auto-detecting
*geometry* detected driver: pdftex
*geometry* verbose mode - [ preamble ] result:
* driver: pdftex
* paper: a4paper
* layout: <same size as paper>
* layoutoffset:(h,v)=(0.0pt,0.0pt)
* modes: 
* h-part:(L,W,R)=(72.26999pt, 452.9679pt, 72.26999pt)
* v-part:(T,H,B)=(72.26999pt, 700.50687pt, 72.26999pt)
* \paperwidth=597.50787pt
* \paperheight=845.04684pt
* \textwidth=452.9679pt
* \textheight=700.50687pt
* \oddsidemargin=0.0pt
* \evensidemargin=0.0pt
* \topmargin=-37.40001pt
* \headheight=17.0pt
* \headsep=20.40001pt
* \topskip=11.0pt
* \footskip=47.6pt
* \marginparwidth=59.7508pt
* \marginparsep=12.8401pt
* \columnsep=10.0pt
* \skip\footins=10.0pt plus 4.0pt minus 2.0pt
* \hoffset=0.0pt
* \voffset=0.0pt
* \mag=1000
* \@twocolumnfalse
* \@twosidefalse
* \@mparswitchfalse
* \@reversemarginfalse
* (1in=72.27pt=25.4mm, 1cm=28.453pt)

(/usr/share/texlive/texmf-dist/tex/context/base/supp-pdf.mkii
[Loading MPS to PDF converter (version 2006.09.02).]
\scratchcounter=\count117
\scratchdimen=\dimen130
\scratchbox=\box33
\nofMPsegments=\count118
\nofMParguments=\count119
\everyMPshowfont=\toks29
\MPscratchCnt=\count120
\MPscratchDim=\dimen131
\MPnumerator=\count121
\makeMPintoPDFobject=\count122
\everyMPtoPDFconversion=\toks30
) (/usr/share/texlive/texmf-dist/tex/latex/oberdiek/epstopdf-base.sty
Package: epstopdf-base 2010/02/09 v2.5 Base part for package epstopdf

(/usr/share/texlive/texmf-dist/tex/latex/oberdiek/grfext.sty
Package: grfext 2010/08/19 v1.1 Manage graphics extensions (HO)
)
Package grfext Info: Graphics extension search list:
(grfext)             [.png,.pdf,.jpg,.mps,.jpeg,.jbig2,.jb2,.PNG,.PDF,.JPG,.JPE
G,.JBIG2,.JB2,.eps]
(grfext)             \AppendGraphicsExtensions on input line 452.

(/usr/share/texlive/texmf-dist/tex/latex/latexconfig/epstopdf-sys.cfg
File: epstopdf-sys.cfg 2010/07/13 v1.3 Configuration of (r)epstopdf for TeX Liv
e
))
\AtBeginShipoutBox=\box34
Package hyperref Info: Link coloring OFF on input line 23.

(/usr/share/texlive/texmf-dist/tex/latex/hyperref/nameref.sty
Package: nameref 2012/10/27 v2.43 Cross-referencing by name of section

(/usr/share/texlive/texmf-dist/tex/generic/oberdiek/gettitlestring.sty
Package: gettitlestring 2010/12/03 v1.4 Cleanup title references (HO)
)
\c@section@level=\count123
)
LaTeX Info: Redefining \ref on input line 23.
LaTeX Info: Redefining \pageref on input line 23.
LaTeX Info: Redefining \nameref on input line 23.

(./practical1b.out) (./practical1b.out)
\@outlinefile=\write4
\openout4 = `practical1b.out'.


Underfull \hbox (badness 10000) in paragraph at lines 25--29

 []


Class scrartcl Warning: Usage of deprecated font command `\bf'!
(scrartcl)              You should note, that in 1994 font command `\bf' has
(scrartcl)              been defined for compatiblitiy to Script 2.0 only.
(scrartcl)              Now, after two decades of LaTeX2e and NFSS2, you
(scrartcl)              shouldn't use such commands any longer and within
(scrartcl)              KOMA-Script usage of `\bf' is definitely deprecated.
(scrartcl)              See `fntguide.pdf' for more information about
(scrartcl)              recommended font commands.
(scrartcl)              Note also, that KOMA-Script will remove the definition
(scrartcl)              of `\bf' anytime until release of about version 3.20.
(scrartcl)              But for now, KOMA-Script will replace deprecated `\bf'
(scrartcl)              by `\normalfont \bfseries ' on input line 31.

LaTeX Font Info:    Try loading font information for U+msa on input line 41.
(/usr/share/texlive/texmf-dist/tex/latex/amsfonts/umsa.fd
File: umsa.fd 2013/01/14 v3.01 AMS symbols A
)
LaTeX Font Info:    Try loading font information for U+msb on input line 41.

(/usr/share/texlive/texmf-dist/tex/latex/amsfonts/umsb.fd
File: umsb.fd 2013/01/14 v3.01 AMS symbols B
)
Underfull \hbox (badness 10000) in paragraph at lines 41--42

 []

<pipe_sketch.pdf, id=132, 512.29993pt x 113.8112pt>
File: pipe_sketch.pdf Graphic file (type pdf)
 <use pipe_sketch.pdf>
Package pdftex.def Info: pipe_sketch.pdf used on input line 43.
(pdftex.def)             Requested size: 452.9679pt x 100.63345pt.

Underfull \hbox (badness 10000) in paragraph at lines 59--60

 []

[1

{/var/lib/texmf/fonts/map/pdftex/updmap/pdftex.map} <./pipe_sketch.pdf>]
<workbench.png, id=169, 1041.1397pt x 576.65437pt>
File: workbench.png Graphic file (type png)
 <use workbench.png>
Package pdftex.def Info: workbench.png used on input line 73.
(pdftex.def)             Requested size: 317.07614pt x 175.61975pt.

<workbench_components.png, id=172, 1435.61343pt x 1071.25218pt>
File: workbench_components.png Graphic file (type png)

<use workbench_components.png>
Package pdftex.def Info: workbench_components.png used on input line 82.
(pdftex.def)             Requested size: 294.42636pt x 219.68985pt.
 [2 <./workbench.png>]
<geometry_analysis_type.png, id=180, 1453.68094pt x 1108.8928pt>
File: geometry_analysis_type.png Graphic file (type png)

<use geometry_analysis_type.png>
Package pdftex.def Info: geometry_analysis_type.png used on input line 94.
(pdftex.def)             Requested size: 317.07614pt x 241.85905pt.
 [3 <./workbench_components.png> <./geometry_analysis_type.png>] <Designmodelle
r_GUI.png, id=190, 1422.0628pt x 1151.80313pt>
File: Designmodeller_GUI.png Graphic file (type png)

<use Designmodeller_GUI.png>
Package pdftex.def Info: Designmodeller_GUI.png used on input line 104.
(pdftex.def)             Requested size: 317.07614pt x 256.80704pt.

<newsketch_symbol.png, id=192, 25.59563pt x 25.59563pt>
File: newsketch_symbol.png Graphic file (type png)

<use newsketch_symbol.png>
Package pdftex.def Info: newsketch_symbol.png used on input line 108.
(pdftex.def)             Requested size: 11.38092pt x 11.38121pt.
 <newsketch.png, id=193, 519.44063pt x 458.46281pt>
File: newsketch.png Graphic file (type png)

<use newsketch.png>
Package pdftex.def Info: newsketch.png used on input line 111.
(pdftex.def)             Requested size: 181.18439pt x 159.91173pt.
 <draw_rectangle.png, id=195, 1422.0628pt x 1151.80313pt>
File: draw_rectangle.png Graphic file (type png)

<use draw_rectangle.png>
Package pdftex.def Info: draw_rectangle.png used on input line 119.
(pdftex.def)             Requested size: 317.07614pt x 256.80704pt.
 [4 <./Designmodeller_GUI.png> <./newsketch.png> <./newsketch_symbol.png>]
<rectangle_dimensions.png, id=207, 1422.0628pt x 1151.80313pt>
File: rectangle_dimensions.png Graphic file (type png)

<use rectangle_dimensions.png>
Package pdftex.def Info: rectangle_dimensions.png used on input line 128.
(pdftex.def)             Requested size: 317.07614pt x 256.80704pt.
 [5 <./draw_rectangle.png> <./rectangle_dimensions.png>] <surfaces_from_sketche
s.png, id=217, 405.01312pt x 411.03563pt>
File: surfaces_from_sketches.png Graphic file (type png)

<use surfaces_from_sketches.png>
Package pdftex.def Info: surfaces_from_sketches.png used on input line 140.
(pdftex.def)             Requested size: 135.89174pt x 137.9126pt.

<generate_button.png, id=219, 83.5622pt x 24.84282pt>
File: generate_button.png Graphic file (type png)

<use generate_button.png>
Package pdftex.def Info: generate_button.png used on input line 144.
(pdftex.def)             Requested size: 34.14322pt x 10.15073pt.
 <pipesurface.png, id=220, 998.9822pt x 170.88844pt>
File: pipesurface.png Graphic file (type png)

<use pipesurface.png>
Package pdftex.def Info: pipesurface.png used on input line 147.
(pdftex.def)             Requested size: 317.07614pt x 54.23952pt.
 <Fluid_domain.png, id=222, 350.81062pt x 591.71063pt>
File: Fluid_domain.png Graphic file (type png)

<use Fluid_domain.png>
Package pdftex.def Info: Fluid_domain.png used on input line 155.
(pdftex.def)             Requested size: 113.24197pt x 191.00352pt.
 [6 <./surfaces_from_sketches.png> <./pipesurface.png> <./Fluid_domain.png> <./
generate_button.png>]
<Mesh_workbench.png, id=235, 992.20688pt x 647.41875pt>
File: Mesh_workbench.png Graphic file (type png)

<use Mesh_workbench.png>
Package pdftex.def Info: Mesh_workbench.png used on input line 172.
(pdftex.def)             Requested size: 317.07614pt x 206.89174pt.
 [7 <./Mesh_workbench.png>]
<edge_tool.png, id=245, 26.34843pt x 27.10126pt>
File: edge_tool.png Graphic file (type png)
 <use edge_tool.png>
Package pdftex.def Info: edge_tool.png used on input line 182.
(pdftex.def)             Requested size: 14.22636pt x 14.63321pt.

<zoom_to_fit.png, id=246, 34.62938pt x 27.85406pt>
File: zoom_to_fit.png Graphic file (type png)
 <use zoom_to_fit.png>
Package pdftex.def Info: zoom_to_fit.png used on input line 182.
(pdftex.def)             Requested size: 14.22636pt x 11.44275pt.

<create_named_selection.png, id=247, 730.22812pt x 846.91406pt>
File: create_named_selection.png Graphic file (type png)

<use create_named_selection.png>
Package pdftex.def Info: create_named_selection.png used on input line 186.
(pdftex.def)             Requested size: 271.7835pt x 315.21419pt.
 <face_tool.png, id=249, 25.59563pt x 24.09pt>
File: face_tool.png Graphic file (type png)

<use face_tool.png>
Package pdftex.def Info: face_tool.png used on input line 190.
(pdftex.def)             Requested size: 14.22636pt x 13.38957pt.
 <named_selections.png, id=250, 1486.80469pt x 567.62062pt>
File: named_selections.png Graphic file (type png)

<use named_selections.png>
Package pdftex.def Info: named_selections.png used on input line 197.
(pdftex.def)             Requested size: 317.07614pt x 121.04868pt.
 [8 <./create_named_selection.png> <./edge_tool.png> <./zoom_to_fit.png> <./fac
e_tool.png>]
<face_meshing.png, id=261, 692.5875pt x 837.88031pt>
File: face_meshing.png Graphic file (type png)
 <use face_meshing.png>
Package pdftex.def Info: face_meshing.png used on input line 207.
(pdftex.def)             Requested size: 181.18439pt x 219.18616pt.

<apply_mfm.png, id=263, 907.13907pt x 411.03563pt>
File: apply_mfm.png Graphic file (type png)
 <use apply_mfm.png>
Package pdftex.def Info: apply_mfm.png used on input line 215.
(pdftex.def)             Requested size: 385.02547pt x 174.45891pt.
 [9 <./named_selections.png> <./face_meshing.png>]
<default_mesh.png, id=273, 1115.66812pt x 171.64125pt>
File: default_mesh.png Graphic file (type png)
 <use default_mesh.png>
Package pdftex.def Info: default_mesh.png used on input line 221.
(pdftex.def)             Requested size: 317.07614pt x 48.77945pt.

<mesh_sizing.png, id=275, 406.51875pt x 315.42844pt>
File: mesh_sizing.png Graphic file (type png)
 <use mesh_sizing.png>
Package pdftex.def Info: mesh_sizing.png used on input line 231.
(pdftex.def)             Requested size: 181.18439pt x 140.5842pt.
File: edge_tool.png Graphic file (type png)

<use edge_tool.png>
Package pdftex.def Info: edge_tool.png used on input line 234.
(pdftex.def)             Requested size: 14.22636pt x 14.63321pt.
 <apply_edge_sizing.png, id=277, 494.59781pt x 454.69875pt>
File: apply_edge_sizing.png Graphic file (type png)

<use apply_edge_sizing.png>
Package pdftex.def Info: apply_edge_sizing.png used on input line 237.
(pdftex.def)             Requested size: 181.18439pt x 166.56381pt.
 [10 <./apply_mfm.png> <./default_mesh.png> <./mesh_sizing.png>] <Details_of_si
zing.png, id=289, 331.99031pt x 262.73157pt>
File: Details_of_sizing.png Graphic file (type png)

<use Details_of_sizing.png>
Package pdftex.def Info: Details_of_sizing.png used on input line 243.
(pdftex.def)             Requested size: 135.89174pt x 107.54022pt.

<update_button.png, id=291, 68.50594pt x 26.34843pt>
File: update_button.png Graphic file (type png)
 <use update_button.png>
Package pdftex.def Info: update_button.png used on input line 246.
(pdftex.def)             Requested size: 28.45274pt x 10.94363pt.

Underfull \hbox (badness 10000) in paragraph at lines 246--250

 []

<laminar_mesh.png, id=292, 1346.02875pt x 91.84312pt>
File: laminar_mesh.png Graphic file (type png)
 <use laminar_mesh.png>
Package pdftex.def Info: laminar_mesh.png used on input line 254.
(pdftex.def)             Requested size: 452.9679pt x 30.90671pt.

<update_project.png, id=294, 117.43875pt x 23.33719pt>
File: update_project.png Graphic file (type png)

<use update_project.png>
Package pdftex.def Info: update_project.png used on input line 258.
(pdftex.def)             Requested size: 42.67912pt x 8.48114pt.

<lightning_symbol.png, id=295, 29.35968pt x 23.33719pt>
File: lightning_symbol.png Graphic file (type png)

<use lightning_symbol.png>
Package pdftex.def Info: lightning_symbol.png used on input line 266.
(pdftex.def)             Requested size: 11.38092pt x 9.04626pt.
 [11 <./apply_edge_sizing.png> <./Details_of_sizing.png> <./laminar_mesh.png> <
./update_button.png> <./update_project.png> <./lightning_symbol.png>]
<fluent_workbench_refresh.png, id=309, 850.67813pt x 564.60938pt>
File: fluent_workbench_refresh.png Graphic file (type png)

<use fluent_workbench_refresh.png>
Package pdftex.def Info: fluent_workbench_refresh.png used on input line 270.
(pdftex.def)             Requested size: 317.07614pt x 210.45293pt.

<fluent_launcher.png, id=311, 358.33875pt x 429.10312pt>
File: fluent_launcher.png Graphic file (type png)

<use fluent_launcher.png>
Package pdftex.def Info: fluent_launcher.png used on input line 276.
(pdftex.def)             Requested size: 135.89174pt x 162.72694pt.
 <Fluent_GUI.png, id=313, 1525.95094pt x 941.76843pt>
File: Fluent_GUI.png Graphic file (type png)

<use Fluent_GUI.png>
Package pdftex.def Info: Fluent_GUI.png used on input line 282.
(pdftex.def)             Requested size: 317.07614pt x 195.67915pt.
 [12 <./fluent_workbench_refresh.png> <./fluent_launcher.png>]
Underfull \hbox (badness 10000) in paragraph at lines 286--288

 []

<mesh_check_commandpane.png, id=324, 337.26pt x 162.6075pt>
File: mesh_check_commandpane.png Graphic file (type png)

<use mesh_check_commandpane.png>
Package pdftex.def Info: mesh_check_commandpane.png used on input line 319.
(pdftex.def)             Requested size: 158.54152pt x 76.44041pt.
 [13 <./Fluent_GUI.png>]
File: zoom_to_fit.png Graphic file (type png)
 <use zoom_to_fit.png>
Package pdftex.def Info: zoom_to_fit.png used on input line 325.
(pdftex.def)             Requested size: 14.22636pt x 11.44275pt.

<fluid_properties.png, id=341, 899.61093pt x 549.55313pt>
File: fluid_properties.png Graphic file (type png)

<use fluid_properties.png>
Package pdftex.def Info: fluid_properties.png used on input line 336.
(pdftex.def)             Requested size: 317.07614pt x 193.69653pt.
 [14 <./mesh_check_commandpane.png>]
<apply_new_fluid.png, id=349, 724.20563pt x 216.05719pt>
File: apply_new_fluid.png Graphic file (type png)

<use apply_new_fluid.png>
Package pdftex.def Info: apply_new_fluid.png used on input line 343.
(pdftex.def)             Requested size: 317.07614pt x 94.5973pt.

<BC_velocity_inlet.png, id=351, 683.55376pt x 674.52pt>
File: BC_velocity_inlet.png Graphic file (type png)

<use BC_velocity_inlet.png>
Package pdftex.def Info: BC_velocity_inlet.png used on input line 356.
(pdftex.def)             Requested size: 317.07614pt x 312.88693pt.
 [15 <./fluid_properties.png> <./apply_new_fluid.png>] <BC_centreline.png, id=3
62, 338.76563pt x 460.72125pt>
File: BC_centreline.png Graphic file (type png)

<use BC_centreline.png>
Package pdftex.def Info: BC_centreline.png used on input line 365.
(pdftex.def)             Requested size: 181.18439pt x 246.41664pt.
 [16 <./BC_velocity_inlet.png>]
<solution_methods.png, id=373, 518.6878pt x 411.78844pt>
File: solution_methods.png Graphic file (type png)

<use solution_methods.png>
Package pdftex.def Info: solution_methods.png used on input line 376.
(pdftex.def)             Requested size: 181.18439pt x 143.84535pt.

<under_relaxation_factors.png, id=375, 520.94624pt x 364.36125pt>
File: under_relaxation_factors.png Graphic file (type png)

<use under_relaxation_factors.png>
Package pdftex.def Info: under_relaxation_factors.png used on input line 383.
(pdftex.def)             Requested size: 181.18439pt x 126.72218pt.
 [17 <./BC_centreline.png> <./solution_methods.png>] <convergence_criteria.png,
 id=385, 488.57532pt x 273.27094pt>
File: convergence_criteria.png Graphic file (type png)

<use convergence_criteria.png>
Package pdftex.def Info: convergence_criteria.png used on input line 393.
(pdftex.def)             Requested size: 271.7835pt x 152.01741pt.

<initialization.png, id=387, 358.33875pt x 441.14813pt>
File: initialization.png Graphic file (type png)

<use initialization.png>
Package pdftex.def Info: initialization.png used on input line 419.
(pdftex.def)             Requested size: 181.18439pt x 223.05739pt.
 [18 <./under_relaxation_factors.png> <./convergence_criteria.png>]
Underfull \hbox (badness 10000) in paragraph at lines 426--437

 []


Underfull \hbox (badness 10000) in paragraph at lines 426--437

 []

[19 <./initialization.png>]
<residuals_console.png, id=405, 368.1253pt x 174.6525pt>
File: residuals_console.png Graphic file (type png)

<use residuals_console.png>
Package pdftex.def Info: residuals_console.png used on input line 440.
(pdftex.def)             Requested size: 181.18439pt x 85.96156pt.

<results_workbench.png, id=407, 1248.91594pt x 687.31781pt>
File: results_workbench.png Graphic file (type png)

<use results_workbench.png>
Package pdftex.def Info: results_workbench.png used on input line 452.
(pdftex.def)             Requested size: 203.83417pt x 112.17549pt.
 <CFDPost_GUI.png, id=409, 1112.65688pt x 939.51pt>
File: CFDPost_GUI.png Graphic file (type png)

<use CFDPost_GUI.png>
Package pdftex.def Info: CFDPost_GUI.png used on input line 460.
(pdftex.def)             Requested size: 317.07614pt x 267.73445pt.
 [20 <./residuals_console.png> <./results_workbench.png>]
<vector_icon.png, id=419, 21.07875pt x 18.82031pt>
File: vector_icon.png Graphic file (type png)
 <use vector_icon.png>
Package pdftex.def Info: vector_icon.png used on input line 471.
(pdftex.def)             Requested size: 11.38092pt x 10.16165pt.

<save_picture_icon.png, id=420, 16.56187pt x 14.30344pt>
File: save_picture_icon.png Graphic file (type png)

<use save_picture_icon.png>
Package pdftex.def Info: save_picture_icon.png used on input line 476.
(pdftex.def)             Requested size: 11.38092pt x 9.829pt.

<vector_plot.png, id=421, 540.51938pt x 447.17062pt>
File: vector_plot.png Graphic file (type png)
 <use vector_plot.png>
Package pdftex.def Info: vector_plot.png used on input line 480.
(pdftex.def)             Requested size: 226.48395pt x 187.36687pt.

[21 <./CFDPost_GUI.png> <./vector_icon.png> <./save_picture_icon.png>]
<contour_icon.png, id=431, 15.80907pt x 13.55063pt>
File: contour_icon.png Graphic file (type png)
 <use contour_icon.png>
Package pdftex.def Info: contour_icon.png used on input line 487.
(pdftex.def)             Requested size: 11.38092pt x 9.75519pt.

<velocity_contour.png, id=432, 738.50906pt x 423.83344pt>
File: velocity_contour.png Graphic file (type png)

<use velocity_contour.png>
Package pdftex.def Info: velocity_contour.png used on input line 496.
(pdftex.def)             Requested size: 226.48395pt x 129.97716pt.

<Location_icon.png, id=434, 81.30376pt x 17.31468pt>
File: Location_icon.png Graphic file (type png)
 <use Location_icon.png>
Package pdftex.def Info: Location_icon.png used on input line 503.
(pdftex.def)             Requested size: 48.36958pt x 10.30116pt.

[22 <./vector_plot.png> <./velocity_contour.png> <./contour_icon.png> <./Locati
on_icon.png>] <chart_icon.png, id=450, 15.80907pt x 15.05624pt>
File: chart_icon.png Graphic file (type png)

<use chart_icon.png>
Package pdftex.def Info: chart_icon.png used on input line 507.
(pdftex.def)             Requested size: 11.38092pt x 10.8391pt.
 <velocity_profiles.png, id=451, 880.79062pt x 511.9125pt>
File: velocity_profiles.png Graphic file (type png)

<use velocity_profiles.png>
Package pdftex.def Info: velocity_profiles.png used on input line 516.
(pdftex.def)             Requested size: 271.7835pt x 157.95699pt.
 [23 <./velocity_profiles.png> <./chart_icon.png>]
<skin_friction_coefficient.png, id=474, 864.98157pt x 426.84468pt>
File: skin_friction_coefficient.png Graphic file (type png)

<use skin_friction_coefficient.png>
Package pdftex.def Info: skin_friction_coefficient.png used on input line 539.
(pdftex.def)             Requested size: 271.7835pt x 134.1181pt.

<mass_cons.png, id=477, 773.13844pt x 375.65344pt>
File: mass_cons.png Graphic file (type png)
 <use mass_cons.png>
Package pdftex.def Info: mass_cons.png used on input line 556.
(pdftex.def)             Requested size: 271.7835pt x 132.05386pt.
 [24 <./skin_friction_coefficient.png>]
<residual_sensitivity.png, id=489, 602.25pt x 351.3125pt>
File: residual_sensitivity.png Graphic file (type png)

<use residual_sensitivity.png>
Package pdftex.def Info: residual_sensitivity.png used on input line 564.
(pdftex.def)             Requested size: 271.7835pt x 158.5448pt.

<workbench_finemesh.png, id=491, 643.6547pt x 267.24844pt>
File: workbench_finemesh.png Graphic file (type png)

<use workbench_finemesh.png>
Package pdftex.def Info: workbench_finemesh.png used on input line 572.
(pdftex.def)             Requested size: 271.7835pt x 112.8471pt.
 [25 <./mass_cons.png> <./residual_sensitivity.png>] <Mesh_sensitivity.png, id=
501, 602.25pt x 401.5pt>
File: Mesh_sensitivity.png Graphic file (type png)

<use Mesh_sensitivity.png>
Package pdftex.def Info: Mesh_sensitivity.png used on input line 579.
(pdftex.def)             Requested size: 271.7835pt x 181.19406pt.
<<u_prof_analytical.txt>>
Package hyperref Info: Option `unicode' set `false' on input line 592.

<new_symbol.png, id=508, 24.84282pt x 20.32594pt>
File: new_symbol.png Graphic file (type png)
 <use new_symbol.png>
Package pdftex.def Info: new_symbol.png used on input line 592.
(pdftex.def)             Requested size: 14.22636pt x 11.64017pt.
 [26 <./workbench_finemesh.png> <./Mesh_sensitivity.png>]
<start_up_flow.png, id=520, 788.19469pt x 327.47343pt>
File: start_up_flow.png Graphic file (type png)
 <use start_up_flow.png>
Package pdftex.def Info: start_up_flow.png used on input line 612.
(pdftex.def)             Requested size: 317.07614pt x 131.73657pt.

[27 <./new_symbol.png> <./start_up_flow.png>]
<BC_ID.png, id=534, 551.05875pt x 438.13687pt>
File: BC_ID.png Graphic file (type png)
 <use BC_ID.png>
Package pdftex.def Info: BC_ID.png used on input line 627.
(pdftex.def)             Requested size: 181.18439pt x 144.05745pt.

Overfull \hbox (24.89665pt too wide) in paragraph at lines 622--629
\OT1/cmr/m/n/10.95 ap-peared in the con-sole. Type the fol-low-ing in the con-s
ole \OT1/cmtt/m/n/10.95 grid/modify-zones/make-periodic
 []

<export_icon.png, id=536, 60.97781pt x 22.58438pt>
File: export_icon.png Graphic file (type png)
 <use export_icon.png>
Package pdftex.def Info: export_icon.png used on input line 640.
(pdftex.def)             Requested size: 31.2982pt x 11.59195pt.

[28 <./BC_ID.png>] <export_fig_icon.png, id=550, 10.53937pt x 9.78656pt>
File: export_fig_icon.png Graphic file (type png)

<use export_fig_icon.png>
Package pdftex.def Info: export_fig_icon.png used on input line 648.
(pdftex.def)             Requested size: 11.38092pt x 10.56827pt.

Underfull \hbox (badness 10000) in paragraph at lines 647--652

 []

Package atveryend Info: Empty hook `BeforeClearDocument' on input line 653.
[29 <./export_icon.png> <./export_fig_icon.png>]
Package atveryend Info: Empty hook `AfterLastShipout' on input line 653.
 (./practical1b.aux)
Package atveryend Info: Executing hook `AtVeryEndDocument' on input line 653.
Package atveryend Info: Executing hook `AtEndAfterFileList' on input line 653.
Package rerunfilecheck Info: File `practical1b.out' has not changed.
(rerunfilecheck)             Checksum: A65BF73C9DAFEA063F89BF11DEAAAAA4;2453.
Package atveryend Info: Empty hook `AtVeryVeryEnd' on input line 653.
 ) 
Here is how much of TeX's memory you used:
 9747 strings out of 494953
 151347 string characters out of 6180977
 292808 words of memory out of 5000000
 12721 multiletter control sequences out of 15000+600000
 13308 words of font info for 51 fonts, out of 8000000 for 9000
 14 hyphenation exceptions out of 8191
 45i,8n,51p,1284b,471s stack positions out of 5000i,500n,10000p,200000b,80000s
 </home/jgomes/.texmf-var/fonts/pk/ljfour/jknappen/ec/tcrm1095.600pk></usr/sh
are/texlive/texmf-dist/fonts/type1/public/amsfonts/cm/cmbx10.pfb></usr/share/te
xlive/texmf-dist/fonts/type1/public/amsfonts/cm/cmex10.pfb></usr/share/texlive/
texmf-dist/fonts/type1/public/amsfonts/cm/cmmi10.pfb></usr/share/texlive/texmf-
dist/fonts/type1/public/amsfonts/cm/cmr10.pfb></usr/share/texlive/texmf-dist/fo
nts/type1/public/amsfonts/cm/cmr6.pfb></usr/share/texlive/texmf-dist/fonts/type
1/public/amsfonts/cm/cmr8.pfb></usr/share/texlive/texmf-dist/fonts/type1/public
/amsfonts/cm/cmr9.pfb></usr/share/texlive/texmf-dist/fonts/type1/public/amsfont
s/cm/cmssbx10.pfb></usr/share/texlive/texmf-dist/fonts/type1/public/amsfonts/cm
/cmsy10.pfb></usr/share/texlive/texmf-dist/fonts/type1/public/amsfonts/cm/cmsy8
.pfb></usr/share/texlive/texmf-dist/fonts/type1/public/amsfonts/cm/cmti10.pfb><
/usr/share/texlive/texmf-dist/fonts/type1/public/amsfonts/cm/cmtt10.pfb></usr/s
hare/texlive/texmf-dist/fonts/type1/public/amsfonts/cm/cmtt9.pfb></usr/share/te
xlive/texmf-dist/fonts/type1/public/amsfonts/symbols/msam10.pfb>
Output written on practical1b.pdf (29 pages, 4281107 bytes).
PDF statistics:
 637 PDF objects out of 1000 (max. 8388607)
 409 compressed objects within 5 object streams
 110 named destinations out of 1000 (max. 500000)
 869 words of extra memory for PDF output out of 10000 (max. 10000000)

